[18:10:44] {/home/luca-home-ubuntu20/code/grcnn_NEW/hardware/device.py:11} INFO - CUDA detected. Running with GPU acceleration.
[18:10:44] {train_network.py:247} INFO - Loading Cornell Dataset...
[18:10:44] {train_network.py:256} INFO - Dataset size is 885
[18:10:44] {train_network.py:265} INFO - Training size: 796
[18:10:44] {train_network.py:266} INFO - Validation size: 89
[18:10:44] {train_network.py:284} INFO - Done
[18:10:44] {train_network.py:287} INFO - Loading Network...
[18:10:47] {train_network.py:298} INFO - Done
[18:10:48] {train_network.py:317} INFO - Beginning Epoch 00
[18:11:38] {train_network.py:175} INFO - Epoch: 0, Batch: 100, Loss: 0.1016
[18:12:30] {train_network.py:175} INFO - Epoch: 0, Batch: 200, Loss: 0.1028
[18:13:20] {train_network.py:175} INFO - Epoch: 0, Batch: 300, Loss: 0.1169
[18:14:09] {train_network.py:175} INFO - Epoch: 0, Batch: 400, Loss: 0.0723
[18:15:01] {train_network.py:175} INFO - Epoch: 0, Batch: 500, Loss: 0.0606
[18:15:55] {train_network.py:175} INFO - Epoch: 0, Batch: 600, Loss: 0.1052
[18:16:46] {train_network.py:175} INFO - Epoch: 0, Batch: 700, Loss: 0.0706
[18:17:33] {train_network.py:175} INFO - Epoch: 0, Batch: 800, Loss: 0.0849
[18:18:23] {train_network.py:175} INFO - Epoch: 0, Batch: 900, Loss: 0.0851
[18:19:18] {train_network.py:326} INFO - Validating...
[18:19:22] {train_network.py:328} INFO - 72/89 = 0.808989
[18:19:22] {train_network.py:317} INFO - Beginning Epoch 01
[18:20:11] {train_network.py:175} INFO - Epoch: 1, Batch: 100, Loss: 0.0717
[18:21:02] {train_network.py:175} INFO - Epoch: 1, Batch: 200, Loss: 0.0985
[18:21:51] {train_network.py:175} INFO - Epoch: 1, Batch: 300, Loss: 0.0535
[18:22:40] {train_network.py:175} INFO - Epoch: 1, Batch: 400, Loss: 0.0549
[18:23:29] {train_network.py:175} INFO - Epoch: 1, Batch: 500, Loss: 0.0804
[18:24:21] {train_network.py:175} INFO - Epoch: 1, Batch: 600, Loss: 0.0864
[18:25:16] {train_network.py:175} INFO - Epoch: 1, Batch: 700, Loss: 0.0429
[18:26:03] {train_network.py:175} INFO - Epoch: 1, Batch: 800, Loss: 0.0641
[18:26:52] {train_network.py:175} INFO - Epoch: 1, Batch: 900, Loss: 0.0858
[18:27:48] {train_network.py:326} INFO - Validating...
[18:27:53] {train_network.py:328} INFO - 80/89 = 0.898876
[18:27:53] {train_network.py:317} INFO - Beginning Epoch 02
[18:28:41] {train_network.py:175} INFO - Epoch: 2, Batch: 100, Loss: 0.0560
[18:29:30] {train_network.py:175} INFO - Epoch: 2, Batch: 200, Loss: 0.0576
[18:30:21] {train_network.py:175} INFO - Epoch: 2, Batch: 300, Loss: 0.0921
[18:31:12] {train_network.py:175} INFO - Epoch: 2, Batch: 400, Loss: 0.0889
[18:32:01] {train_network.py:175} INFO - Epoch: 2, Batch: 500, Loss: 0.0458
[18:32:50] {train_network.py:175} INFO - Epoch: 2, Batch: 600, Loss: 0.0661
[18:33:41] {train_network.py:175} INFO - Epoch: 2, Batch: 700, Loss: 0.0709
[18:34:36] {train_network.py:175} INFO - Epoch: 2, Batch: 800, Loss: 0.0783
[18:35:25] {train_network.py:175} INFO - Epoch: 2, Batch: 900, Loss: 0.0802
[18:36:20] {train_network.py:326} INFO - Validating...
[18:36:24] {train_network.py:328} INFO - 82/89 = 0.921348
[18:36:24] {train_network.py:317} INFO - Beginning Epoch 03
[18:37:13] {train_network.py:175} INFO - Epoch: 3, Batch: 100, Loss: 0.0682
[18:38:02] {train_network.py:175} INFO - Epoch: 3, Batch: 200, Loss: 0.0736
[18:38:51] {train_network.py:175} INFO - Epoch: 3, Batch: 300, Loss: 0.0680
[18:39:45] {train_network.py:175} INFO - Epoch: 3, Batch: 400, Loss: 0.0825
[18:40:29] {train_network.py:175} INFO - Epoch: 3, Batch: 500, Loss: 0.0760
[18:41:18] {train_network.py:175} INFO - Epoch: 3, Batch: 600, Loss: 0.0427
[18:42:11] {train_network.py:175} INFO - Epoch: 3, Batch: 700, Loss: 0.0662
[18:43:02] {train_network.py:175} INFO - Epoch: 3, Batch: 800, Loss: 0.0714
[18:43:51] {train_network.py:175} INFO - Epoch: 3, Batch: 900, Loss: 0.0927
[18:44:43] {train_network.py:326} INFO - Validating...
[18:44:47] {train_network.py:328} INFO - 84/89 = 0.943820
[18:44:47] {train_network.py:317} INFO - Beginning Epoch 04
[18:45:34] {train_network.py:175} INFO - Epoch: 4, Batch: 100, Loss: 0.0637
[18:46:23] {train_network.py:175} INFO - Epoch: 4, Batch: 200, Loss: 0.0638
[18:47:14] {train_network.py:175} INFO - Epoch: 4, Batch: 300, Loss: 0.0606
[18:48:06] {train_network.py:175} INFO - Epoch: 4, Batch: 400, Loss: 0.0728
[18:48:58] {train_network.py:175} INFO - Epoch: 4, Batch: 500, Loss: 0.0503
[18:49:41] {train_network.py:175} INFO - Epoch: 4, Batch: 600, Loss: 0.0804
[18:50:35] {train_network.py:175} INFO - Epoch: 4, Batch: 700, Loss: 0.0731
[18:51:23] {train_network.py:175} INFO - Epoch: 4, Batch: 800, Loss: 0.0591
[18:52:10] {train_network.py:175} INFO - Epoch: 4, Batch: 900, Loss: 0.0552
[18:53:07] {train_network.py:326} INFO - Validating...
[18:53:12] {train_network.py:328} INFO - 88/89 = 0.988764
[18:53:12] {train_network.py:317} INFO - Beginning Epoch 05
[18:53:58] {train_network.py:175} INFO - Epoch: 5, Batch: 100, Loss: 0.0883
[18:54:48] {train_network.py:175} INFO - Epoch: 5, Batch: 200, Loss: 0.0564
[18:55:38] {train_network.py:175} INFO - Epoch: 5, Batch: 300, Loss: 0.0460
[18:56:29] {train_network.py:175} INFO - Epoch: 5, Batch: 400, Loss: 0.0439
[18:57:19] {train_network.py:175} INFO - Epoch: 5, Batch: 500, Loss: 0.0690
[18:58:05] {train_network.py:175} INFO - Epoch: 5, Batch: 600, Loss: 0.0460
[18:58:50] {train_network.py:175} INFO - Epoch: 5, Batch: 700, Loss: 0.0477
[18:59:38] {train_network.py:175} INFO - Epoch: 5, Batch: 800, Loss: 0.0507
[19:00:26] {train_network.py:175} INFO - Epoch: 5, Batch: 900, Loss: 0.0770
[19:01:22] {train_network.py:326} INFO - Validating...
[19:01:27] {train_network.py:328} INFO - 83/89 = 0.932584
[19:01:27] {train_network.py:317} INFO - Beginning Epoch 06
[19:02:14] {train_network.py:175} INFO - Epoch: 6, Batch: 100, Loss: 0.0547
[19:03:02] {train_network.py:175} INFO - Epoch: 6, Batch: 200, Loss: 0.0492
[19:03:53] {train_network.py:175} INFO - Epoch: 6, Batch: 300, Loss: 0.0685
[19:04:48] {train_network.py:175} INFO - Epoch: 6, Batch: 400, Loss: 0.0784
[19:05:38] {train_network.py:175} INFO - Epoch: 6, Batch: 500, Loss: 0.0535
[19:06:27] {train_network.py:175} INFO - Epoch: 6, Batch: 600, Loss: 0.0697
[19:07:15] {train_network.py:175} INFO - Epoch: 6, Batch: 700, Loss: 0.0477
[19:08:07] {train_network.py:175} INFO - Epoch: 6, Batch: 800, Loss: 0.1087
[19:08:55] {train_network.py:175} INFO - Epoch: 6, Batch: 900, Loss: 0.0840
[19:09:49] {train_network.py:326} INFO - Validating...
[19:09:54] {train_network.py:328} INFO - 87/89 = 0.977528
[19:09:54] {train_network.py:317} INFO - Beginning Epoch 07
[19:10:41] {train_network.py:175} INFO - Epoch: 7, Batch: 100, Loss: 0.0723
[19:11:30] {train_network.py:175} INFO - Epoch: 7, Batch: 200, Loss: 0.0505
[19:12:20] {train_network.py:175} INFO - Epoch: 7, Batch: 300, Loss: 0.0436
[19:13:14] {train_network.py:175} INFO - Epoch: 7, Batch: 400, Loss: 0.0563
[19:14:08] {train_network.py:175} INFO - Epoch: 7, Batch: 500, Loss: 0.0573
[19:14:55] {train_network.py:175} INFO - Epoch: 7, Batch: 600, Loss: 0.0540
[19:15:42] {train_network.py:175} INFO - Epoch: 7, Batch: 700, Loss: 0.0715
[19:16:32] {train_network.py:175} INFO - Epoch: 7, Batch: 800, Loss: 0.0331
[19:17:24] {train_network.py:175} INFO - Epoch: 7, Batch: 900, Loss: 0.0467
[19:18:18] {train_network.py:326} INFO - Validating...
[19:18:22] {train_network.py:328} INFO - 80/89 = 0.898876
[19:18:22] {train_network.py:317} INFO - Beginning Epoch 08
[19:19:12] {train_network.py:175} INFO - Epoch: 8, Batch: 100, Loss: 0.0397
[19:19:59] {train_network.py:175} INFO - Epoch: 8, Batch: 200, Loss: 0.0727
[19:20:48] {train_network.py:175} INFO - Epoch: 8, Batch: 300, Loss: 0.0497
[19:21:40] {train_network.py:175} INFO - Epoch: 8, Batch: 400, Loss: 0.0560
[19:22:34] {train_network.py:175} INFO - Epoch: 8, Batch: 500, Loss: 0.0548
[19:23:21] {train_network.py:175} INFO - Epoch: 8, Batch: 600, Loss: 0.0691
[19:24:08] {train_network.py:175} INFO - Epoch: 8, Batch: 700, Loss: 0.0421
[19:24:59] {train_network.py:175} INFO - Epoch: 8, Batch: 800, Loss: 0.0600
[19:25:52] {train_network.py:175} INFO - Epoch: 8, Batch: 900, Loss: 0.0706
[19:26:52] {train_network.py:326} INFO - Validating...
[19:26:56] {train_network.py:328} INFO - 83/89 = 0.932584
[19:26:56] {train_network.py:317} INFO - Beginning Epoch 09
[19:27:44] {train_network.py:175} INFO - Epoch: 9, Batch: 100, Loss: 0.0466
[19:28:32] {train_network.py:175} INFO - Epoch: 9, Batch: 200, Loss: 0.0659
[19:29:21] {train_network.py:175} INFO - Epoch: 9, Batch: 300, Loss: 0.0454
[19:30:15] {train_network.py:175} INFO - Epoch: 9, Batch: 400, Loss: 0.0474
[19:31:03] {train_network.py:175} INFO - Epoch: 9, Batch: 500, Loss: 0.0989
[19:31:50] {train_network.py:175} INFO - Epoch: 9, Batch: 600, Loss: 0.0806
[19:32:41] {train_network.py:175} INFO - Epoch: 9, Batch: 700, Loss: 0.0611
[19:33:33] {train_network.py:175} INFO - Epoch: 9, Batch: 800, Loss: 0.0866
[19:34:27] {train_network.py:175} INFO - Epoch: 9, Batch: 900, Loss: 0.0555
[19:35:22] {train_network.py:326} INFO - Validating...
[19:35:25] {train_network.py:328} INFO - 84/89 = 0.943820
[19:35:25] {train_network.py:317} INFO - Beginning Epoch 10
[19:36:20] {train_network.py:175} INFO - Epoch: 10, Batch: 100, Loss: 0.0682
[19:37:07] {train_network.py:175} INFO - Epoch: 10, Batch: 200, Loss: 0.0749
[19:37:58] {train_network.py:175} INFO - Epoch: 10, Batch: 300, Loss: 0.0434
[19:38:49] {train_network.py:175} INFO - Epoch: 10, Batch: 400, Loss: 0.0624
[19:39:41] {train_network.py:175} INFO - Epoch: 10, Batch: 500, Loss: 0.0585
[19:40:35] {train_network.py:175} INFO - Epoch: 10, Batch: 600, Loss: 0.1005
[19:41:23] {train_network.py:175} INFO - Epoch: 10, Batch: 700, Loss: 0.0876
[19:42:10] {train_network.py:175} INFO - Epoch: 10, Batch: 800, Loss: 0.0717
[19:43:00] {train_network.py:175} INFO - Epoch: 10, Batch: 900, Loss: 0.0610
[19:44:00] {train_network.py:326} INFO - Validating...
[19:44:05] {train_network.py:328} INFO - 85/89 = 0.955056
[19:44:05] {train_network.py:317} INFO - Beginning Epoch 11
[19:44:55] {train_network.py:175} INFO - Epoch: 11, Batch: 100, Loss: 0.0446
[19:45:44] {train_network.py:175} INFO - Epoch: 11, Batch: 200, Loss: 0.0506
[19:46:32] {train_network.py:175} INFO - Epoch: 11, Batch: 300, Loss: 0.0393
[19:47:21] {train_network.py:175} INFO - Epoch: 11, Batch: 400, Loss: 0.0524
[19:48:11] {train_network.py:175} INFO - Epoch: 11, Batch: 500, Loss: 0.0368
[19:49:06] {train_network.py:175} INFO - Epoch: 11, Batch: 600, Loss: 0.0641
[19:49:52] {train_network.py:175} INFO - Epoch: 11, Batch: 700, Loss: 0.0655
[19:50:38] {train_network.py:175} INFO - Epoch: 11, Batch: 800, Loss: 0.0442
[19:51:24] {train_network.py:175} INFO - Epoch: 11, Batch: 900, Loss: 0.0524
[19:52:20] {train_network.py:326} INFO - Validating...
[19:52:25] {train_network.py:328} INFO - 84/89 = 0.943820
[19:52:25] {train_network.py:317} INFO - Beginning Epoch 12
[19:53:10] {train_network.py:175} INFO - Epoch: 12, Batch: 100, Loss: 0.0626
[19:53:58] {train_network.py:175} INFO - Epoch: 12, Batch: 200, Loss: 0.0704
[19:54:48] {train_network.py:175} INFO - Epoch: 12, Batch: 300, Loss: 0.0469
[19:55:34] {train_network.py:175} INFO - Epoch: 12, Batch: 400, Loss: 0.0794
[19:56:21] {train_network.py:175} INFO - Epoch: 12, Batch: 500, Loss: 0.0632
[19:57:10] {train_network.py:175} INFO - Epoch: 12, Batch: 600, Loss: 0.0565
[19:57:58] {train_network.py:175} INFO - Epoch: 12, Batch: 700, Loss: 0.0395
[19:58:49] {train_network.py:175} INFO - Epoch: 12, Batch: 800, Loss: 0.0456
[19:59:40] {train_network.py:175} INFO - Epoch: 12, Batch: 900, Loss: 0.0518
[20:00:31] {train_network.py:326} INFO - Validating...
[20:00:34] {train_network.py:328} INFO - 83/89 = 0.932584
[20:00:34] {train_network.py:317} INFO - Beginning Epoch 13
[20:01:24] {train_network.py:175} INFO - Epoch: 13, Batch: 100, Loss: 0.0727
[20:02:09] {train_network.py:175} INFO - Epoch: 13, Batch: 200, Loss: 0.0601
[20:02:54] {train_network.py:175} INFO - Epoch: 13, Batch: 300, Loss: 0.0689
[20:03:41] {train_network.py:175} INFO - Epoch: 13, Batch: 400, Loss: 0.0644
[20:04:27] {train_network.py:175} INFO - Epoch: 13, Batch: 500, Loss: 0.0509
[20:05:14] {train_network.py:175} INFO - Epoch: 13, Batch: 600, Loss: 0.0429
[20:06:00] {train_network.py:175} INFO - Epoch: 13, Batch: 700, Loss: 0.0590
[20:06:49] {train_network.py:175} INFO - Epoch: 13, Batch: 800, Loss: 0.0505
[20:07:42] {train_network.py:175} INFO - Epoch: 13, Batch: 900, Loss: 0.0526
[20:08:33] {train_network.py:326} INFO - Validating...
[20:08:36] {train_network.py:328} INFO - 83/89 = 0.932584
[20:08:37] {train_network.py:317} INFO - Beginning Epoch 14
[20:09:28] {train_network.py:175} INFO - Epoch: 14, Batch: 100, Loss: 0.0612
[20:10:14] {train_network.py:175} INFO - Epoch: 14, Batch: 200, Loss: 0.0683
[20:11:00] {train_network.py:175} INFO - Epoch: 14, Batch: 300, Loss: 0.0422
[20:11:47] {train_network.py:175} INFO - Epoch: 14, Batch: 400, Loss: 0.0462
[20:12:35] {train_network.py:175} INFO - Epoch: 14, Batch: 500, Loss: 0.0423
[20:13:22] {train_network.py:175} INFO - Epoch: 14, Batch: 600, Loss: 0.0444
[20:14:08] {train_network.py:175} INFO - Epoch: 14, Batch: 700, Loss: 0.0463
[20:14:55] {train_network.py:175} INFO - Epoch: 14, Batch: 800, Loss: 0.0482
[20:15:44] {train_network.py:175} INFO - Epoch: 14, Batch: 900, Loss: 0.0620
[20:16:41] {train_network.py:326} INFO - Validating...
[20:16:45] {train_network.py:328} INFO - 84/89 = 0.943820
[20:16:45] {train_network.py:317} INFO - Beginning Epoch 15
[20:17:32] {train_network.py:175} INFO - Epoch: 15, Batch: 100, Loss: 0.0693
[20:18:20] {train_network.py:175} INFO - Epoch: 15, Batch: 200, Loss: 0.0487
[20:19:12] {train_network.py:175} INFO - Epoch: 15, Batch: 300, Loss: 0.0833
[20:20:03] {train_network.py:175} INFO - Epoch: 15, Batch: 400, Loss: 0.0575
[20:20:47] {train_network.py:175} INFO - Epoch: 15, Batch: 500, Loss: 0.0478
[20:21:31] {train_network.py:175} INFO - Epoch: 15, Batch: 600, Loss: 0.0506
[20:22:17] {train_network.py:175} INFO - Epoch: 15, Batch: 700, Loss: 0.0446
[20:23:02] {train_network.py:175} INFO - Epoch: 15, Batch: 800, Loss: 0.0454
[20:23:51] {train_network.py:175} INFO - Epoch: 15, Batch: 900, Loss: 0.0596
[20:24:47] {train_network.py:326} INFO - Validating...
[20:24:52] {train_network.py:328} INFO - 83/89 = 0.932584
[20:24:52] {train_network.py:317} INFO - Beginning Epoch 16
[20:25:37] {train_network.py:175} INFO - Epoch: 16, Batch: 100, Loss: 0.0683
[20:26:25] {train_network.py:175} INFO - Epoch: 16, Batch: 200, Loss: 0.0483
[20:27:15] {train_network.py:175} INFO - Epoch: 16, Batch: 300, Loss: 0.0315
[20:28:06] {train_network.py:175} INFO - Epoch: 16, Batch: 400, Loss: 0.0451
[20:28:50] {train_network.py:175} INFO - Epoch: 16, Batch: 500, Loss: 0.0486
[20:29:35] {train_network.py:175} INFO - Epoch: 16, Batch: 600, Loss: 0.0437
[20:30:22] {train_network.py:175} INFO - Epoch: 16, Batch: 700, Loss: 0.0606
[20:31:09] {train_network.py:175} INFO - Epoch: 16, Batch: 800, Loss: 0.0764
[20:31:54] {train_network.py:175} INFO - Epoch: 16, Batch: 900, Loss: 0.0711
[20:32:49] {train_network.py:326} INFO - Validating...
[20:32:54] {train_network.py:328} INFO - 82/89 = 0.921348
[20:32:54] {train_network.py:317} INFO - Beginning Epoch 17
[20:33:38] {train_network.py:175} INFO - Epoch: 17, Batch: 100, Loss: 0.0381
[20:34:25] {train_network.py:175} INFO - Epoch: 17, Batch: 200, Loss: 0.0379
[20:35:13] {train_network.py:175} INFO - Epoch: 17, Batch: 300, Loss: 0.0616
[20:36:02] {train_network.py:175} INFO - Epoch: 17, Batch: 400, Loss: 0.0321
[20:36:53] {train_network.py:175} INFO - Epoch: 17, Batch: 500, Loss: 0.0333
[20:37:38] {train_network.py:175} INFO - Epoch: 17, Batch: 600, Loss: 0.0554
[20:38:23] {train_network.py:175} INFO - Epoch: 17, Batch: 700, Loss: 0.0585
[20:39:10] {train_network.py:175} INFO - Epoch: 17, Batch: 800, Loss: 0.0409
[20:39:57] {train_network.py:175} INFO - Epoch: 17, Batch: 900, Loss: 0.0392
[20:40:49] {train_network.py:326} INFO - Validating...
[20:40:54] {train_network.py:328} INFO - 79/89 = 0.887640
[20:40:54] {train_network.py:317} INFO - Beginning Epoch 18
[20:41:40] {train_network.py:175} INFO - Epoch: 18, Batch: 100, Loss: 0.0705
[20:42:25] {train_network.py:175} INFO - Epoch: 18, Batch: 200, Loss: 0.0572
[20:43:12] {train_network.py:175} INFO - Epoch: 18, Batch: 300, Loss: 0.0622
[20:44:00] {train_network.py:175} INFO - Epoch: 18, Batch: 400, Loss: 0.0528
[20:44:52] {train_network.py:175} INFO - Epoch: 18, Batch: 500, Loss: 0.0364
[20:45:37] {train_network.py:175} INFO - Epoch: 18, Batch: 600, Loss: 0.0545
[20:46:23] {train_network.py:175} INFO - Epoch: 18, Batch: 700, Loss: 0.0445
[20:47:11] {train_network.py:175} INFO - Epoch: 18, Batch: 800, Loss: 0.0422
[20:47:58] {train_network.py:175} INFO - Epoch: 18, Batch: 900, Loss: 0.0690
[20:48:49] {train_network.py:326} INFO - Validating...
[20:48:53] {train_network.py:328} INFO - 83/89 = 0.932584
[20:48:53] {train_network.py:317} INFO - Beginning Epoch 19
[20:49:43] {train_network.py:175} INFO - Epoch: 19, Batch: 100, Loss: 0.0624
[20:50:27] {train_network.py:175} INFO - Epoch: 19, Batch: 200, Loss: 0.0490
[20:51:13] {train_network.py:175} INFO - Epoch: 19, Batch: 300, Loss: 0.0429
[20:52:01] {train_network.py:175} INFO - Epoch: 19, Batch: 400, Loss: 0.0700
[20:52:52] {train_network.py:175} INFO - Epoch: 19, Batch: 500, Loss: 0.0536
[20:53:44] {train_network.py:175} INFO - Epoch: 19, Batch: 600, Loss: 0.0667
[20:54:29] {train_network.py:175} INFO - Epoch: 19, Batch: 700, Loss: 0.0471
[20:55:14] {train_network.py:175} INFO - Epoch: 19, Batch: 800, Loss: 0.0690
[20:56:02] {train_network.py:175} INFO - Epoch: 19, Batch: 900, Loss: 0.0483
[20:56:55] {train_network.py:326} INFO - Validating...
[20:56:59] {train_network.py:328} INFO - 81/89 = 0.910112
[20:56:59] {train_network.py:317} INFO - Beginning Epoch 20
[20:57:51] {train_network.py:175} INFO - Epoch: 20, Batch: 100, Loss: 0.0386
[20:58:36] {train_network.py:175} INFO - Epoch: 20, Batch: 200, Loss: 0.0633
[20:59:21] {train_network.py:175} INFO - Epoch: 20, Batch: 300, Loss: 0.0325
[21:00:09] {train_network.py:175} INFO - Epoch: 20, Batch: 400, Loss: 0.0562
[21:00:57] {train_network.py:175} INFO - Epoch: 20, Batch: 500, Loss: 0.0572
[21:01:50] {train_network.py:175} INFO - Epoch: 20, Batch: 600, Loss: 0.0535
[21:02:35] {train_network.py:175} INFO - Epoch: 20, Batch: 700, Loss: 0.0364
[21:03:20] {train_network.py:175} INFO - Epoch: 20, Batch: 800, Loss: 0.0658
[21:04:08] {train_network.py:175} INFO - Epoch: 20, Batch: 900, Loss: 0.0586
[21:05:02] {train_network.py:326} INFO - Validating...
[21:05:07] {train_network.py:328} INFO - 84/89 = 0.943820
[21:05:07] {train_network.py:317} INFO - Beginning Epoch 21
[21:05:50] {train_network.py:175} INFO - Epoch: 21, Batch: 100, Loss: 0.0436
[21:06:39] {train_network.py:175} INFO - Epoch: 21, Batch: 200, Loss: 0.0306
[21:07:23] {train_network.py:175} INFO - Epoch: 21, Batch: 300, Loss: 0.0487
[21:08:09] {train_network.py:175} INFO - Epoch: 21, Batch: 400, Loss: 0.0363
[21:08:57] {train_network.py:175} INFO - Epoch: 21, Batch: 500, Loss: 0.0613
[21:09:46] {train_network.py:175} INFO - Epoch: 21, Batch: 600, Loss: 0.0501
[21:10:37] {train_network.py:175} INFO - Epoch: 21, Batch: 700, Loss: 0.0761
[21:11:23] {train_network.py:175} INFO - Epoch: 21, Batch: 800, Loss: 0.0435
[21:12:08] {train_network.py:175} INFO - Epoch: 21, Batch: 900, Loss: 0.0554
[21:13:00] {train_network.py:326} INFO - Validating...
[21:13:05] {train_network.py:328} INFO - 80/89 = 0.898876
[21:13:05] {train_network.py:317} INFO - Beginning Epoch 22
[21:13:52] {train_network.py:175} INFO - Epoch: 22, Batch: 100, Loss: 0.0384
[21:14:35] {train_network.py:175} INFO - Epoch: 22, Batch: 200, Loss: 0.0251
[21:15:22] {train_network.py:175} INFO - Epoch: 22, Batch: 300, Loss: 0.0316
[21:16:07] {train_network.py:175} INFO - Epoch: 22, Batch: 400, Loss: 0.0474
[21:16:54] {train_network.py:175} INFO - Epoch: 22, Batch: 500, Loss: 0.0620
[21:17:42] {train_network.py:175} INFO - Epoch: 22, Batch: 600, Loss: 0.0482
[21:18:35] {train_network.py:175} INFO - Epoch: 22, Batch: 700, Loss: 0.0525
[21:19:26] {train_network.py:175} INFO - Epoch: 22, Batch: 800, Loss: 0.0548
[21:20:11] {train_network.py:175} INFO - Epoch: 22, Batch: 900, Loss: 0.0566
[21:21:02] {train_network.py:326} INFO - Validating...
[21:21:07] {train_network.py:328} INFO - 81/89 = 0.910112
[21:21:07] {train_network.py:317} INFO - Beginning Epoch 23
[21:21:53] {train_network.py:175} INFO - Epoch: 23, Batch: 100, Loss: 0.0626
[21:22:39] {train_network.py:175} INFO - Epoch: 23, Batch: 200, Loss: 0.0634
[21:23:24] {train_network.py:175} INFO - Epoch: 23, Batch: 300, Loss: 0.0450
[21:24:09] {train_network.py:175} INFO - Epoch: 23, Batch: 400, Loss: 0.0711
[21:24:55] {train_network.py:175} INFO - Epoch: 23, Batch: 500, Loss: 0.0457
[21:25:43] {train_network.py:175} INFO - Epoch: 23, Batch: 600, Loss: 0.0568
[21:26:34] {train_network.py:175} INFO - Epoch: 23, Batch: 700, Loss: 0.0481
[21:27:24] {train_network.py:175} INFO - Epoch: 23, Batch: 800, Loss: 0.0842
[21:28:08] {train_network.py:175} INFO - Epoch: 23, Batch: 900, Loss: 0.0455
[21:29:00] {train_network.py:326} INFO - Validating...
[21:29:05] {train_network.py:328} INFO - 85/89 = 0.955056
[21:29:05] {train_network.py:317} INFO - Beginning Epoch 24
[21:29:50] {train_network.py:175} INFO - Epoch: 24, Batch: 100, Loss: 0.0434
[21:30:35] {train_network.py:175} INFO - Epoch: 24, Batch: 200, Loss: 0.0491
[21:31:24] {train_network.py:175} INFO - Epoch: 24, Batch: 300, Loss: 0.0496
[21:32:12] {train_network.py:175} INFO - Epoch: 24, Batch: 400, Loss: 0.0619
[21:32:59] {train_network.py:175} INFO - Epoch: 24, Batch: 500, Loss: 0.0473
[21:33:45] {train_network.py:175} INFO - Epoch: 24, Batch: 600, Loss: 0.0522
[21:34:34] {train_network.py:175} INFO - Epoch: 24, Batch: 700, Loss: 0.0581
[21:35:26] {train_network.py:175} INFO - Epoch: 24, Batch: 800, Loss: 0.0285
[21:36:10] {train_network.py:175} INFO - Epoch: 24, Batch: 900, Loss: 0.0650
[21:37:02] {train_network.py:326} INFO - Validating...
[21:37:07] {train_network.py:328} INFO - 84/89 = 0.943820
[21:37:07] {train_network.py:317} INFO - Beginning Epoch 25
[21:37:52] {train_network.py:175} INFO - Epoch: 25, Batch: 100, Loss: 0.0474
[21:38:37] {train_network.py:175} INFO - Epoch: 25, Batch: 200, Loss: 0.0421
[21:39:25] {train_network.py:175} INFO - Epoch: 25, Batch: 300, Loss: 0.0745
[21:40:13] {train_network.py:175} INFO - Epoch: 25, Batch: 400, Loss: 0.0548
[21:41:06] {train_network.py:175} INFO - Epoch: 25, Batch: 500, Loss: 0.0529
[21:41:54] {train_network.py:175} INFO - Epoch: 25, Batch: 600, Loss: 0.0641
[21:42:43] {train_network.py:175} INFO - Epoch: 25, Batch: 700, Loss: 0.0569
[21:43:35] {train_network.py:175} INFO - Epoch: 25, Batch: 800, Loss: 0.0414
[21:44:27] {train_network.py:175} INFO - Epoch: 25, Batch: 900, Loss: 0.0559
[21:45:26] {train_network.py:326} INFO - Validating...
[21:45:31] {train_network.py:328} INFO - 86/89 = 0.966292
[21:45:31] {train_network.py:317} INFO - Beginning Epoch 26
[21:46:22] {train_network.py:175} INFO - Epoch: 26, Batch: 100, Loss: 0.0302
[21:47:15] {train_network.py:175} INFO - Epoch: 26, Batch: 200, Loss: 0.0686
[21:48:11] {train_network.py:175} INFO - Epoch: 26, Batch: 300, Loss: 0.0570
[21:49:02] {train_network.py:175} INFO - Epoch: 26, Batch: 400, Loss: 0.0582
[21:49:50] {train_network.py:175} INFO - Epoch: 26, Batch: 500, Loss: 0.0548
[21:50:37] {train_network.py:175} INFO - Epoch: 26, Batch: 600, Loss: 0.0505
[21:51:25] {train_network.py:175} INFO - Epoch: 26, Batch: 700, Loss: 0.0435
[21:52:13] {train_network.py:175} INFO - Epoch: 26, Batch: 800, Loss: 0.0565
[21:53:01] {train_network.py:175} INFO - Epoch: 26, Batch: 900, Loss: 0.0617
[21:53:56] {train_network.py:326} INFO - Validating...
[21:54:01] {train_network.py:328} INFO - 81/89 = 0.910112
[21:54:01] {train_network.py:317} INFO - Beginning Epoch 27
[21:54:48] {train_network.py:175} INFO - Epoch: 27, Batch: 100, Loss: 0.0537
[21:55:36] {train_network.py:175} INFO - Epoch: 27, Batch: 200, Loss: 0.0439
[21:56:30] {train_network.py:175} INFO - Epoch: 27, Batch: 300, Loss: 0.0528
[21:57:23] {train_network.py:175} INFO - Epoch: 27, Batch: 400, Loss: 0.0583
[21:58:10] {train_network.py:175} INFO - Epoch: 27, Batch: 500, Loss: 0.0517
[21:58:59] {train_network.py:175} INFO - Epoch: 27, Batch: 600, Loss: 0.0306
[21:59:48] {train_network.py:175} INFO - Epoch: 27, Batch: 700, Loss: 0.0383
[22:00:36] {train_network.py:175} INFO - Epoch: 27, Batch: 800, Loss: 0.0419
[22:01:23] {train_network.py:175} INFO - Epoch: 27, Batch: 900, Loss: 0.0436
[22:02:19] {train_network.py:326} INFO - Validating...
[22:02:25] {train_network.py:328} INFO - 82/89 = 0.921348
[22:02:25] {train_network.py:317} INFO - Beginning Epoch 28
[22:03:12] {train_network.py:175} INFO - Epoch: 28, Batch: 100, Loss: 0.0252
[22:03:59] {train_network.py:175} INFO - Epoch: 28, Batch: 200, Loss: 0.0566
[22:04:51] {train_network.py:175} INFO - Epoch: 28, Batch: 300, Loss: 0.0425
[22:05:43] {train_network.py:175} INFO - Epoch: 28, Batch: 400, Loss: 0.0646
[22:06:29] {train_network.py:175} INFO - Epoch: 28, Batch: 500, Loss: 0.0423
[22:07:17] {train_network.py:175} INFO - Epoch: 28, Batch: 600, Loss: 0.0526
[22:08:07] {train_network.py:175} INFO - Epoch: 28, Batch: 700, Loss: 0.0447
[22:09:00] {train_network.py:175} INFO - Epoch: 28, Batch: 800, Loss: 0.0532
[22:09:50] {train_network.py:175} INFO - Epoch: 28, Batch: 900, Loss: 0.0474
[22:10:43] {train_network.py:326} INFO - Validating...
[22:10:48] {train_network.py:328} INFO - 85/89 = 0.955056
[22:10:48] {train_network.py:317} INFO - Beginning Epoch 29
[22:11:36] {train_network.py:175} INFO - Epoch: 29, Batch: 100, Loss: 0.0392
[22:12:25] {train_network.py:175} INFO - Epoch: 29, Batch: 200, Loss: 0.0507
[22:13:16] {train_network.py:175} INFO - Epoch: 29, Batch: 300, Loss: 0.0742
[22:14:08] {train_network.py:175} INFO - Epoch: 29, Batch: 400, Loss: 0.0535
[22:14:57] {train_network.py:175} INFO - Epoch: 29, Batch: 500, Loss: 0.0462
[22:15:43] {train_network.py:175} INFO - Epoch: 29, Batch: 600, Loss: 0.0456
[22:16:33] {train_network.py:175} INFO - Epoch: 29, Batch: 700, Loss: 0.0420
[22:17:23] {train_network.py:175} INFO - Epoch: 29, Batch: 800, Loss: 0.0401
[22:18:17] {train_network.py:175} INFO - Epoch: 29, Batch: 900, Loss: 0.0567
[22:19:06] {train_network.py:326} INFO - Validating...
[22:19:11] {train_network.py:328} INFO - 86/89 = 0.966292
[22:19:11] {train_network.py:317} INFO - Beginning Epoch 30
[22:20:00] {train_network.py:175} INFO - Epoch: 30, Batch: 100, Loss: 0.0331
[22:20:49] {train_network.py:175} INFO - Epoch: 30, Batch: 200, Loss: 0.0487
[22:21:40] {train_network.py:175} INFO - Epoch: 30, Batch: 300, Loss: 0.0675
[22:22:32] {train_network.py:175} INFO - Epoch: 30, Batch: 400, Loss: 0.0390
[22:23:25] {train_network.py:175} INFO - Epoch: 30, Batch: 500, Loss: 0.0465
[22:24:12] {train_network.py:175} INFO - Epoch: 30, Batch: 600, Loss: 0.0322
[22:24:59] {train_network.py:175} INFO - Epoch: 30, Batch: 700, Loss: 0.0297
[22:25:50] {train_network.py:175} INFO - Epoch: 30, Batch: 800, Loss: 0.0605
[22:26:41] {train_network.py:175} INFO - Epoch: 30, Batch: 900, Loss: 0.0616
[22:27:37] {train_network.py:326} INFO - Validating...
[22:27:40] {train_network.py:328} INFO - 81/89 = 0.910112
[22:27:40] {train_network.py:317} INFO - Beginning Epoch 31
[22:28:31] {train_network.py:175} INFO - Epoch: 31, Batch: 100, Loss: 0.0295
[22:29:16] {train_network.py:175} INFO - Epoch: 31, Batch: 200, Loss: 0.0324
[22:30:01] {train_network.py:175} INFO - Epoch: 31, Batch: 300, Loss: 0.0534
[22:30:49] {train_network.py:175} INFO - Epoch: 31, Batch: 400, Loss: 0.0368
[22:31:40] {train_network.py:175} INFO - Epoch: 31, Batch: 500, Loss: 0.0396
[22:32:29] {train_network.py:175} INFO - Epoch: 31, Batch: 600, Loss: 0.0380
[22:33:14] {train_network.py:175} INFO - Epoch: 31, Batch: 700, Loss: 0.0582
[22:34:00] {train_network.py:175} INFO - Epoch: 31, Batch: 800, Loss: 0.0371
[22:34:48] {train_network.py:175} INFO - Epoch: 31, Batch: 900, Loss: 0.0459
[22:35:45] {train_network.py:326} INFO - Validating...
[22:35:50] {train_network.py:328} INFO - 82/89 = 0.921348
[22:35:50] {train_network.py:317} INFO - Beginning Epoch 32
[22:36:34] {train_network.py:175} INFO - Epoch: 32, Batch: 100, Loss: 0.0560
[22:37:19] {train_network.py:175} INFO - Epoch: 32, Batch: 200, Loss: 0.0533
[22:38:04] {train_network.py:175} INFO - Epoch: 32, Batch: 300, Loss: 0.0747
[22:38:52] {train_network.py:175} INFO - Epoch: 32, Batch: 400, Loss: 0.0518
[22:39:42] {train_network.py:175} INFO - Epoch: 32, Batch: 500, Loss: 0.0500
[22:40:30] {train_network.py:175} INFO - Epoch: 32, Batch: 600, Loss: 0.0564
[22:41:15] {train_network.py:175} INFO - Epoch: 32, Batch: 700, Loss: 0.0334
[22:42:02] {train_network.py:175} INFO - Epoch: 32, Batch: 800, Loss: 0.0703
[22:42:49] {train_network.py:175} INFO - Epoch: 32, Batch: 900, Loss: 0.0436
[22:43:45] {train_network.py:326} INFO - Validating...
[22:43:50] {train_network.py:328} INFO - 81/89 = 0.910112
[22:43:50] {train_network.py:317} INFO - Beginning Epoch 33
[22:44:35] {train_network.py:175} INFO - Epoch: 33, Batch: 100, Loss: 0.0546
[22:45:22] {train_network.py:175} INFO - Epoch: 33, Batch: 200, Loss: 0.0402
[22:46:09] {train_network.py:175} INFO - Epoch: 33, Batch: 300, Loss: 0.0623
[22:46:56] {train_network.py:175} INFO - Epoch: 33, Batch: 400, Loss: 0.0480
[22:47:42] {train_network.py:175} INFO - Epoch: 33, Batch: 500, Loss: 0.0529
[22:48:31] {train_network.py:175} INFO - Epoch: 33, Batch: 600, Loss: 0.0560
[22:49:22] {train_network.py:175} INFO - Epoch: 33, Batch: 700, Loss: 0.0582
[22:50:07] {train_network.py:175} INFO - Epoch: 33, Batch: 800, Loss: 0.0435
[22:50:52] {train_network.py:175} INFO - Epoch: 33, Batch: 900, Loss: 0.0414
[22:51:46] {train_network.py:326} INFO - Validating...
[22:51:50] {train_network.py:328} INFO - 86/89 = 0.966292
[22:51:50] {train_network.py:317} INFO - Beginning Epoch 34
[22:52:36] {train_network.py:175} INFO - Epoch: 34, Batch: 100, Loss: 0.0580
[22:53:21] {train_network.py:175} INFO - Epoch: 34, Batch: 200, Loss: 0.0591
[22:54:08] {train_network.py:175} INFO - Epoch: 34, Batch: 300, Loss: 0.0555
[22:54:54] {train_network.py:175} INFO - Epoch: 34, Batch: 400, Loss: 0.0421
[22:55:39] {train_network.py:175} INFO - Epoch: 34, Batch: 500, Loss: 0.0559
[22:56:28] {train_network.py:175} INFO - Epoch: 34, Batch: 600, Loss: 0.0305
[22:57:16] {train_network.py:175} INFO - Epoch: 34, Batch: 700, Loss: 0.0548
[22:58:08] {train_network.py:175} INFO - Epoch: 34, Batch: 800, Loss: 0.0390
[22:58:54] {train_network.py:175} INFO - Epoch: 34, Batch: 900, Loss: 0.0504
[22:59:43] {train_network.py:326} INFO - Validating...
[22:59:48] {train_network.py:328} INFO - 79/89 = 0.887640
[22:59:48] {train_network.py:317} INFO - Beginning Epoch 35
[23:00:32] {train_network.py:175} INFO - Epoch: 35, Batch: 100, Loss: 0.0459
[23:01:18] {train_network.py:175} INFO - Epoch: 35, Batch: 200, Loss: 0.0500
[23:02:06] {train_network.py:175} INFO - Epoch: 35, Batch: 300, Loss: 0.0322
[23:02:53] {train_network.py:175} INFO - Epoch: 35, Batch: 400, Loss: 0.0351
[23:03:40] {train_network.py:175} INFO - Epoch: 35, Batch: 500, Loss: 0.0468
[23:04:25] {train_network.py:175} INFO - Epoch: 35, Batch: 600, Loss: 0.0575
[23:05:14] {train_network.py:175} INFO - Epoch: 35, Batch: 700, Loss: 0.0299
[23:06:04] {train_network.py:175} INFO - Epoch: 35, Batch: 800, Loss: 0.0372
[23:06:51] {train_network.py:175} INFO - Epoch: 35, Batch: 900, Loss: 0.0453
[23:07:43] {train_network.py:326} INFO - Validating...
[23:07:47] {train_network.py:328} INFO - 83/89 = 0.932584
[23:07:47] {train_network.py:317} INFO - Beginning Epoch 36
[23:08:35] {train_network.py:175} INFO - Epoch: 36, Batch: 100, Loss: 0.0472
[23:09:20] {train_network.py:175} INFO - Epoch: 36, Batch: 200, Loss: 0.0614
[23:10:06] {train_network.py:175} INFO - Epoch: 36, Batch: 300, Loss: 0.0526
[23:10:53] {train_network.py:175} INFO - Epoch: 36, Batch: 400, Loss: 0.0446
[23:11:45] {train_network.py:175} INFO - Epoch: 36, Batch: 500, Loss: 0.0412
[23:12:30] {train_network.py:175} INFO - Epoch: 36, Batch: 600, Loss: 0.0406
[23:13:18] {train_network.py:175} INFO - Epoch: 36, Batch: 700, Loss: 0.0612
[23:14:08] {train_network.py:175} INFO - Epoch: 36, Batch: 800, Loss: 0.0450
[23:15:00] {train_network.py:175} INFO - Epoch: 36, Batch: 900, Loss: 0.0520
[23:15:51] {train_network.py:326} INFO - Validating...
[23:15:54] {train_network.py:328} INFO - 85/89 = 0.955056
[23:15:54] {train_network.py:317} INFO - Beginning Epoch 37
[23:16:46] {train_network.py:175} INFO - Epoch: 37, Batch: 100, Loss: 0.0197
[23:17:31] {train_network.py:175} INFO - Epoch: 37, Batch: 200, Loss: 0.0357
[23:18:16] {train_network.py:175} INFO - Epoch: 37, Batch: 300, Loss: 0.0330
[23:19:04] {train_network.py:175} INFO - Epoch: 37, Batch: 400, Loss: 0.0495
[23:19:54] {train_network.py:175} INFO - Epoch: 37, Batch: 500, Loss: 0.0455
[23:20:45] {train_network.py:175} INFO - Epoch: 37, Batch: 600, Loss: 0.0460
[23:21:28] {train_network.py:175} INFO - Epoch: 37, Batch: 700, Loss: 0.0466
[23:22:17] {train_network.py:175} INFO - Epoch: 37, Batch: 800, Loss: 0.0414
[23:23:09] {train_network.py:175} INFO - Epoch: 37, Batch: 900, Loss: 0.0473
[23:23:59] {train_network.py:326} INFO - Validating...
[23:24:02] {train_network.py:328} INFO - 81/89 = 0.910112
[23:24:02] {train_network.py:317} INFO - Beginning Epoch 38
[23:24:52] {train_network.py:175} INFO - Epoch: 38, Batch: 100, Loss: 0.0429
[23:25:36] {train_network.py:175} INFO - Epoch: 38, Batch: 200, Loss: 0.0311
[23:26:22] {train_network.py:175} INFO - Epoch: 38, Batch: 300, Loss: 0.0560
[23:27:10] {train_network.py:175} INFO - Epoch: 38, Batch: 400, Loss: 0.0426
[23:28:01] {train_network.py:175} INFO - Epoch: 38, Batch: 500, Loss: 0.0374
[23:28:49] {train_network.py:175} INFO - Epoch: 38, Batch: 600, Loss: 0.0388
[23:29:34] {train_network.py:175} INFO - Epoch: 38, Batch: 700, Loss: 0.0393
[23:30:19] {train_network.py:175} INFO - Epoch: 38, Batch: 800, Loss: 0.0427
[23:31:04] {train_network.py:175} INFO - Epoch: 38, Batch: 900, Loss: 0.0300
[23:31:54] {train_network.py:326} INFO - Validating...
[23:31:58] {train_network.py:328} INFO - 84/89 = 0.943820
[23:31:58] {train_network.py:317} INFO - Beginning Epoch 39
[23:32:42] {train_network.py:175} INFO - Epoch: 39, Batch: 100, Loss: 0.0423
[23:33:29] {train_network.py:175} INFO - Epoch: 39, Batch: 200, Loss: 0.0263
[23:34:17] {train_network.py:175} INFO - Epoch: 39, Batch: 300, Loss: 0.0809
[23:35:06] {train_network.py:175} INFO - Epoch: 39, Batch: 400, Loss: 0.0323
[23:35:58] {train_network.py:175} INFO - Epoch: 39, Batch: 500, Loss: 0.0402
[23:36:48] {train_network.py:175} INFO - Epoch: 39, Batch: 600, Loss: 0.0475
[23:37:32] {train_network.py:175} INFO - Epoch: 39, Batch: 700, Loss: 0.0493
[23:38:18] {train_network.py:175} INFO - Epoch: 39, Batch: 800, Loss: 0.0383
[23:39:05] {train_network.py:175} INFO - Epoch: 39, Batch: 900, Loss: 0.0424
[23:39:57] {train_network.py:326} INFO - Validating...
[23:40:01] {train_network.py:328} INFO - 83/89 = 0.932584
[23:40:01] {train_network.py:317} INFO - Beginning Epoch 40
[23:40:48] {train_network.py:175} INFO - Epoch: 40, Batch: 100, Loss: 0.0468
[23:41:33] {train_network.py:175} INFO - Epoch: 40, Batch: 200, Loss: 0.0493
[23:42:18] {train_network.py:175} INFO - Epoch: 40, Batch: 300, Loss: 0.0496
[23:43:08] {train_network.py:175} INFO - Epoch: 40, Batch: 400, Loss: 0.0465
[23:44:00] {train_network.py:175} INFO - Epoch: 40, Batch: 500, Loss: 0.0447
[23:44:46] {train_network.py:175} INFO - Epoch: 40, Batch: 600, Loss: 0.0419
[23:45:31] {train_network.py:175} INFO - Epoch: 40, Batch: 700, Loss: 0.0322
[23:46:19] {train_network.py:175} INFO - Epoch: 40, Batch: 800, Loss: 0.0276
[23:47:07] {train_network.py:175} INFO - Epoch: 40, Batch: 900, Loss: 0.0458
[23:48:02] {train_network.py:326} INFO - Validating...
[23:48:05] {train_network.py:328} INFO - 80/89 = 0.898876
[23:48:05] {train_network.py:317} INFO - Beginning Epoch 41
[23:48:56] {train_network.py:175} INFO - Epoch: 41, Batch: 100, Loss: 0.0435
[23:49:42] {train_network.py:175} INFO - Epoch: 41, Batch: 200, Loss: 0.0473
[23:50:27] {train_network.py:175} INFO - Epoch: 41, Batch: 300, Loss: 0.0501
[23:51:15] {train_network.py:175} INFO - Epoch: 41, Batch: 400, Loss: 0.0439
[23:52:03] {train_network.py:175} INFO - Epoch: 41, Batch: 500, Loss: 0.0383
[23:52:55] {train_network.py:175} INFO - Epoch: 41, Batch: 600, Loss: 0.0296
[23:53:40] {train_network.py:175} INFO - Epoch: 41, Batch: 700, Loss: 0.0302
[23:54:25] {train_network.py:175} INFO - Epoch: 41, Batch: 800, Loss: 0.0322
[23:55:14] {train_network.py:175} INFO - Epoch: 41, Batch: 900, Loss: 0.0291
[23:56:08] {train_network.py:326} INFO - Validating...
[23:56:13] {train_network.py:328} INFO - 84/89 = 0.943820
[23:56:13] {train_network.py:317} INFO - Beginning Epoch 42
[23:56:57] {train_network.py:175} INFO - Epoch: 42, Batch: 100, Loss: 0.0366
[23:57:48] {train_network.py:175} INFO - Epoch: 42, Batch: 200, Loss: 0.0347
[23:58:36] {train_network.py:175} INFO - Epoch: 42, Batch: 300, Loss: 0.0338
[23:59:19] {train_network.py:175} INFO - Epoch: 42, Batch: 400, Loss: 0.0383
[00:00:06] {train_network.py:175} INFO - Epoch: 42, Batch: 500, Loss: 0.0303
[00:00:54] {train_network.py:175} INFO - Epoch: 42, Batch: 600, Loss: 0.0365
[00:01:47] {train_network.py:175} INFO - Epoch: 42, Batch: 700, Loss: 0.0539
[00:02:34] {train_network.py:175} INFO - Epoch: 42, Batch: 800, Loss: 0.0486
[00:03:18] {train_network.py:175} INFO - Epoch: 42, Batch: 900, Loss: 0.0675
[00:04:11] {train_network.py:326} INFO - Validating...
[00:04:16] {train_network.py:328} INFO - 79/89 = 0.887640
[00:04:16] {train_network.py:317} INFO - Beginning Epoch 43
[00:05:01] {train_network.py:175} INFO - Epoch: 43, Batch: 100, Loss: 0.0694
[00:05:46] {train_network.py:175} INFO - Epoch: 43, Batch: 200, Loss: 0.0196
[00:06:32] {train_network.py:175} INFO - Epoch: 43, Batch: 300, Loss: 0.0354
[00:07:18] {train_network.py:175} INFO - Epoch: 43, Batch: 400, Loss: 0.0526
[00:08:06] {train_network.py:175} INFO - Epoch: 43, Batch: 500, Loss: 0.0408
[00:08:53] {train_network.py:175} INFO - Epoch: 43, Batch: 600, Loss: 0.0524
[00:09:45] {train_network.py:175} INFO - Epoch: 43, Batch: 700, Loss: 0.0594
[00:10:31] {train_network.py:175} INFO - Epoch: 43, Batch: 800, Loss: 0.0370
[00:11:16] {train_network.py:175} INFO - Epoch: 43, Batch: 900, Loss: 0.0349
[00:12:08] {train_network.py:326} INFO - Validating...
[00:12:12] {train_network.py:328} INFO - 85/89 = 0.955056
[00:12:12] {train_network.py:317} INFO - Beginning Epoch 44
[00:12:57] {train_network.py:175} INFO - Epoch: 44, Batch: 100, Loss: 0.0272
[00:13:43] {train_network.py:175} INFO - Epoch: 44, Batch: 200, Loss: 0.0400
[00:14:30] {train_network.py:175} INFO - Epoch: 44, Batch: 300, Loss: 0.0535
[00:15:13] {train_network.py:175} INFO - Epoch: 44, Batch: 400, Loss: 0.0453
[00:16:00] {train_network.py:175} INFO - Epoch: 44, Batch: 500, Loss: 0.0737
[00:16:48] {train_network.py:175} INFO - Epoch: 44, Batch: 600, Loss: 0.0434
[00:17:40] {train_network.py:175} INFO - Epoch: 44, Batch: 700, Loss: 0.0661
[00:18:31] {train_network.py:175} INFO - Epoch: 44, Batch: 800, Loss: 0.0488
[00:19:16] {train_network.py:175} INFO - Epoch: 44, Batch: 900, Loss: 0.0295
[00:20:08] {train_network.py:326} INFO - Validating...
[00:20:12] {train_network.py:328} INFO - 82/89 = 0.921348
[00:20:12] {train_network.py:317} INFO - Beginning Epoch 45
[00:20:59] {train_network.py:175} INFO - Epoch: 45, Batch: 100, Loss: 0.0394
[00:21:44] {train_network.py:175} INFO - Epoch: 45, Batch: 200, Loss: 0.0455
[00:22:31] {train_network.py:175} INFO - Epoch: 45, Batch: 300, Loss: 0.0437
[00:23:18] {train_network.py:175} INFO - Epoch: 45, Batch: 400, Loss: 0.0442
[00:24:03] {train_network.py:175} INFO - Epoch: 45, Batch: 500, Loss: 0.0542
[00:24:50] {train_network.py:175} INFO - Epoch: 45, Batch: 600, Loss: 0.0633
[00:25:38] {train_network.py:175} INFO - Epoch: 45, Batch: 700, Loss: 0.0357
[00:26:30] {train_network.py:175} INFO - Epoch: 45, Batch: 800, Loss: 0.0449
[00:27:16] {train_network.py:175} INFO - Epoch: 45, Batch: 900, Loss: 0.0497
[00:28:06] {train_network.py:326} INFO - Validating...
[00:28:11] {train_network.py:328} INFO - 85/89 = 0.955056
[00:28:11] {train_network.py:317} INFO - Beginning Epoch 46
[00:28:56] {train_network.py:175} INFO - Epoch: 46, Batch: 100, Loss: 0.0453
[00:29:41] {train_network.py:175} INFO - Epoch: 46, Batch: 200, Loss: 0.0429
[00:30:28] {train_network.py:175} INFO - Epoch: 46, Batch: 300, Loss: 0.0977
[00:31:19] {train_network.py:175} INFO - Epoch: 46, Batch: 400, Loss: 0.0419
[00:32:02] {train_network.py:175} INFO - Epoch: 46, Batch: 500, Loss: 0.0335
[00:32:28] {train_network.py:175} INFO - Epoch: 46, Batch: 600, Loss: 0.0637
[00:32:55] {train_network.py:175} INFO - Epoch: 46, Batch: 700, Loss: 0.0448
[00:33:21] {train_network.py:175} INFO - Epoch: 46, Batch: 800, Loss: 0.0277
[00:33:47] {train_network.py:175} INFO - Epoch: 46, Batch: 900, Loss: 0.0608
[00:34:17] {train_network.py:326} INFO - Validating...
[00:34:20] {train_network.py:328} INFO - 84/89 = 0.943820
[00:34:20] {train_network.py:317} INFO - Beginning Epoch 47
[00:34:46] {train_network.py:175} INFO - Epoch: 47, Batch: 100, Loss: 0.0441
[00:35:12] {train_network.py:175} INFO - Epoch: 47, Batch: 200, Loss: 0.0381
[00:35:39] {train_network.py:175} INFO - Epoch: 47, Batch: 300, Loss: 0.0391
[00:36:06] {train_network.py:175} INFO - Epoch: 47, Batch: 400, Loss: 0.0485
[00:36:32] {train_network.py:175} INFO - Epoch: 47, Batch: 500, Loss: 0.0806
[00:36:59] {train_network.py:175} INFO - Epoch: 47, Batch: 600, Loss: 0.0667
[00:37:25] {train_network.py:175} INFO - Epoch: 47, Batch: 700, Loss: 0.0410
[00:37:52] {train_network.py:175} INFO - Epoch: 47, Batch: 800, Loss: 0.0549
[00:38:18] {train_network.py:175} INFO - Epoch: 47, Batch: 900, Loss: 0.0415
[00:38:47] {train_network.py:326} INFO - Validating...
[00:38:49] {train_network.py:328} INFO - 78/89 = 0.876404
[00:38:49] {train_network.py:317} INFO - Beginning Epoch 48
[00:39:16] {train_network.py:175} INFO - Epoch: 48, Batch: 100, Loss: 0.0398
[00:39:43] {train_network.py:175} INFO - Epoch: 48, Batch: 200, Loss: 0.0358
[00:40:09] {train_network.py:175} INFO - Epoch: 48, Batch: 300, Loss: 0.0479
[00:40:36] {train_network.py:175} INFO - Epoch: 48, Batch: 400, Loss: 0.0393
[00:41:03] {train_network.py:175} INFO - Epoch: 48, Batch: 500, Loss: 0.0405
[00:41:29] {train_network.py:175} INFO - Epoch: 48, Batch: 600, Loss: 0.0343
[00:41:55] {train_network.py:175} INFO - Epoch: 48, Batch: 700, Loss: 0.0420
[00:42:22] {train_network.py:175} INFO - Epoch: 48, Batch: 800, Loss: 0.0349
[00:42:49] {train_network.py:175} INFO - Epoch: 48, Batch: 900, Loss: 0.0629
[00:43:17] {train_network.py:326} INFO - Validating...
[00:43:20] {train_network.py:328} INFO - 81/89 = 0.910112
[00:43:20] {train_network.py:317} INFO - Beginning Epoch 49
[00:43:46] {train_network.py:175} INFO - Epoch: 49, Batch: 100, Loss: 0.0409
[00:44:13] {train_network.py:175} INFO - Epoch: 49, Batch: 200, Loss: 0.0519
[00:44:39] {train_network.py:175} INFO - Epoch: 49, Batch: 300, Loss: 0.0531
[00:45:06] {train_network.py:175} INFO - Epoch: 49, Batch: 400, Loss: 0.0265
[00:45:32] {train_network.py:175} INFO - Epoch: 49, Batch: 500, Loss: 0.0314
[00:45:58] {train_network.py:175} INFO - Epoch: 49, Batch: 600, Loss: 0.0306
[00:46:25] {train_network.py:175} INFO - Epoch: 49, Batch: 700, Loss: 0.0288
[00:46:51] {train_network.py:175} INFO - Epoch: 49, Batch: 800, Loss: 0.0362
[00:47:17] {train_network.py:175} INFO - Epoch: 49, Batch: 900, Loss: 0.0665
[00:47:48] {train_network.py:326} INFO - Validating...
[00:47:50] {train_network.py:328} INFO - 78/89 = 0.876404
