[17:29:35] {/home/luca-home-ubuntu20/code/grcnn_NEW/hardware/device.py:11} INFO - CUDA detected. Running with GPU acceleration.
[17:29:35] {train_network.py:247} INFO - Loading Cornell Dataset...
[17:29:35] {train_network.py:256} INFO - Dataset size is 885
[17:29:35] {train_network.py:265} INFO - Training size: 796
[17:29:35] {train_network.py:266} INFO - Validation size: 89
[17:29:35] {train_network.py:284} INFO - Done
[17:29:35] {train_network.py:287} INFO - Loading Network...
[17:29:39] {train_network.py:298} INFO - Done
[17:29:39] {train_network.py:317} INFO - Beginning Epoch 00
[17:30:10] {train_network.py:175} INFO - Epoch: 0, Batch: 100, Loss: 0.1126
[17:30:42] {train_network.py:175} INFO - Epoch: 0, Batch: 200, Loss: 0.0803
[17:31:13] {train_network.py:175} INFO - Epoch: 0, Batch: 300, Loss: 0.1056
[17:31:44] {train_network.py:175} INFO - Epoch: 0, Batch: 400, Loss: 0.0995
[17:32:16] {train_network.py:175} INFO - Epoch: 0, Batch: 500, Loss: 0.0781
[17:32:48] {train_network.py:175} INFO - Epoch: 0, Batch: 600, Loss: 0.0649
[17:33:21] {train_network.py:175} INFO - Epoch: 0, Batch: 700, Loss: 0.0813
[17:33:53] {train_network.py:175} INFO - Epoch: 0, Batch: 800, Loss: 0.1269
[17:34:24] {train_network.py:175} INFO - Epoch: 0, Batch: 900, Loss: 0.1035
[17:34:57] {train_network.py:326} INFO - Validating...
[17:34:59] {train_network.py:328} INFO - 60/89 = 0.674157
[17:34:59] {train_network.py:317} INFO - Beginning Epoch 01
[17:35:31] {train_network.py:175} INFO - Epoch: 1, Batch: 100, Loss: 0.0597
[17:36:02] {train_network.py:175} INFO - Epoch: 1, Batch: 200, Loss: 0.0795
[17:36:33] {train_network.py:175} INFO - Epoch: 1, Batch: 300, Loss: 0.0740
[17:37:04] {train_network.py:175} INFO - Epoch: 1, Batch: 400, Loss: 0.0765
[17:37:34] {train_network.py:175} INFO - Epoch: 1, Batch: 500, Loss: 0.1184
[17:38:06] {train_network.py:175} INFO - Epoch: 1, Batch: 600, Loss: 0.0764
[17:38:37] {train_network.py:175} INFO - Epoch: 1, Batch: 700, Loss: 0.0690
[17:39:08] {train_network.py:175} INFO - Epoch: 1, Batch: 800, Loss: 0.0651
[17:39:40] {train_network.py:175} INFO - Epoch: 1, Batch: 900, Loss: 0.1087
[17:40:13] {train_network.py:326} INFO - Validating...
[17:40:16] {train_network.py:328} INFO - 77/89 = 0.865169
[17:40:16] {train_network.py:317} INFO - Beginning Epoch 02
[17:40:45] {train_network.py:175} INFO - Epoch: 2, Batch: 100, Loss: 0.0533
[17:41:15] {train_network.py:175} INFO - Epoch: 2, Batch: 200, Loss: 0.1167
[17:41:45] {train_network.py:175} INFO - Epoch: 2, Batch: 300, Loss: 0.0732
[17:42:15] {train_network.py:175} INFO - Epoch: 2, Batch: 400, Loss: 0.0834
[17:42:45] {train_network.py:175} INFO - Epoch: 2, Batch: 500, Loss: 0.0920
[17:43:15] {train_network.py:175} INFO - Epoch: 2, Batch: 600, Loss: 0.0633
[17:43:45] {train_network.py:175} INFO - Epoch: 2, Batch: 700, Loss: 0.0584
[17:44:14] {train_network.py:175} INFO - Epoch: 2, Batch: 800, Loss: 0.0751
[17:44:44] {train_network.py:175} INFO - Epoch: 2, Batch: 900, Loss: 0.0994
[17:45:17] {train_network.py:326} INFO - Validating...
[17:45:20] {train_network.py:328} INFO - 78/89 = 0.876404
[17:45:20] {train_network.py:317} INFO - Beginning Epoch 03
[17:45:50] {train_network.py:175} INFO - Epoch: 3, Batch: 100, Loss: 0.0620
[17:46:19] {train_network.py:175} INFO - Epoch: 3, Batch: 200, Loss: 0.0879
[17:46:49] {train_network.py:175} INFO - Epoch: 3, Batch: 300, Loss: 0.0513
[17:47:19] {train_network.py:175} INFO - Epoch: 3, Batch: 400, Loss: 0.0538
[17:47:49] {train_network.py:175} INFO - Epoch: 3, Batch: 500, Loss: 0.1291
[17:48:19] {train_network.py:175} INFO - Epoch: 3, Batch: 600, Loss: 0.0640
[17:48:50] {train_network.py:175} INFO - Epoch: 3, Batch: 700, Loss: 0.0674
[17:49:21] {train_network.py:175} INFO - Epoch: 3, Batch: 800, Loss: 0.0930
[17:49:53] {train_network.py:175} INFO - Epoch: 3, Batch: 900, Loss: 0.0763
[17:50:26] {train_network.py:326} INFO - Validating...
[17:50:28] {train_network.py:328} INFO - 87/89 = 0.977528
[17:50:28] {train_network.py:317} INFO - Beginning Epoch 04
[17:50:59] {train_network.py:175} INFO - Epoch: 4, Batch: 100, Loss: 0.0480
[17:51:30] {train_network.py:175} INFO - Epoch: 4, Batch: 200, Loss: 0.0510
[17:52:01] {train_network.py:175} INFO - Epoch: 4, Batch: 300, Loss: 0.1195
[17:52:32] {train_network.py:175} INFO - Epoch: 4, Batch: 400, Loss: 0.0667
[17:53:03] {train_network.py:175} INFO - Epoch: 4, Batch: 500, Loss: 0.0633
[17:53:34] {train_network.py:175} INFO - Epoch: 4, Batch: 600, Loss: 0.0637
[17:54:05] {train_network.py:175} INFO - Epoch: 4, Batch: 700, Loss: 0.0460
[17:54:37] {train_network.py:175} INFO - Epoch: 4, Batch: 800, Loss: 0.0899
[17:55:08] {train_network.py:175} INFO - Epoch: 4, Batch: 900, Loss: 0.0772
[17:55:42] {train_network.py:326} INFO - Validating...
[17:55:45] {train_network.py:328} INFO - 79/89 = 0.887640
[17:55:45] {train_network.py:317} INFO - Beginning Epoch 05
[17:56:16] {train_network.py:175} INFO - Epoch: 5, Batch: 100, Loss: 0.0470
[17:56:48] {train_network.py:175} INFO - Epoch: 5, Batch: 200, Loss: 0.0690
[17:57:20] {train_network.py:175} INFO - Epoch: 5, Batch: 300, Loss: 0.0801
[17:57:51] {train_network.py:175} INFO - Epoch: 5, Batch: 400, Loss: 0.0657
[17:58:21] {train_network.py:175} INFO - Epoch: 5, Batch: 500, Loss: 0.0536
[17:58:51] {train_network.py:175} INFO - Epoch: 5, Batch: 600, Loss: 0.0813
[17:59:21] {train_network.py:175} INFO - Epoch: 5, Batch: 700, Loss: 0.0690
[17:59:52] {train_network.py:175} INFO - Epoch: 5, Batch: 800, Loss: 0.0553
[18:00:23] {train_network.py:175} INFO - Epoch: 5, Batch: 900, Loss: 0.0563
[18:00:58] {train_network.py:326} INFO - Validating...
[18:01:01] {train_network.py:328} INFO - 83/89 = 0.932584
[18:01:01] {train_network.py:317} INFO - Beginning Epoch 06
[18:01:32] {train_network.py:175} INFO - Epoch: 6, Batch: 100, Loss: 0.0819
[18:02:04] {train_network.py:175} INFO - Epoch: 6, Batch: 200, Loss: 0.0863
[18:02:36] {train_network.py:175} INFO - Epoch: 6, Batch: 300, Loss: 0.0569
[18:03:07] {train_network.py:175} INFO - Epoch: 6, Batch: 400, Loss: 0.0552
[18:03:39] {train_network.py:175} INFO - Epoch: 6, Batch: 500, Loss: 0.0843
[18:04:11] {train_network.py:175} INFO - Epoch: 6, Batch: 600, Loss: 0.0734
[18:04:42] {train_network.py:175} INFO - Epoch: 6, Batch: 700, Loss: 0.0838
[18:05:14] {train_network.py:175} INFO - Epoch: 6, Batch: 800, Loss: 0.0733
[18:05:45] {train_network.py:175} INFO - Epoch: 6, Batch: 900, Loss: 0.0757
[18:06:20] {train_network.py:326} INFO - Validating...
[18:06:22] {train_network.py:328} INFO - 72/89 = 0.808989
[18:06:22] {train_network.py:317} INFO - Beginning Epoch 07
[18:06:53] {train_network.py:175} INFO - Epoch: 7, Batch: 100, Loss: 0.1206
[18:07:24] {train_network.py:175} INFO - Epoch: 7, Batch: 200, Loss: 0.0746
[18:07:54] {train_network.py:175} INFO - Epoch: 7, Batch: 300, Loss: 0.1029
[18:08:25] {train_network.py:175} INFO - Epoch: 7, Batch: 400, Loss: 0.0906
[18:08:56] {train_network.py:175} INFO - Epoch: 7, Batch: 500, Loss: 0.0726
[18:09:27] {train_network.py:175} INFO - Epoch: 7, Batch: 600, Loss: 0.0959
[18:09:58] {train_network.py:175} INFO - Epoch: 7, Batch: 700, Loss: 0.0626
[18:10:28] {train_network.py:175} INFO - Epoch: 7, Batch: 800, Loss: 0.0746
[18:11:09] {train_network.py:175} INFO - Epoch: 7, Batch: 900, Loss: 0.0683
[18:12:10] {train_network.py:326} INFO - Validating...
[18:12:15] {train_network.py:328} INFO - 79/89 = 0.887640
[18:12:15] {train_network.py:317} INFO - Beginning Epoch 08
[18:13:10] {train_network.py:175} INFO - Epoch: 8, Batch: 100, Loss: 0.1109
[18:14:05] {train_network.py:175} INFO - Epoch: 8, Batch: 200, Loss: 0.0778
[18:14:59] {train_network.py:175} INFO - Epoch: 8, Batch: 300, Loss: 0.0861
[18:15:56] {train_network.py:175} INFO - Epoch: 8, Batch: 400, Loss: 0.0624
[18:16:53] {train_network.py:175} INFO - Epoch: 8, Batch: 500, Loss: 0.0838
[18:17:48] {train_network.py:175} INFO - Epoch: 8, Batch: 600, Loss: 0.0559
[18:18:44] {train_network.py:175} INFO - Epoch: 8, Batch: 700, Loss: 0.0555
[18:19:35] {train_network.py:175} INFO - Epoch: 8, Batch: 800, Loss: 0.0693
[18:20:31] {train_network.py:175} INFO - Epoch: 8, Batch: 900, Loss: 0.0708
[18:21:27] {train_network.py:326} INFO - Validating...
[18:21:32] {train_network.py:328} INFO - 84/89 = 0.943820
[18:21:32] {train_network.py:317} INFO - Beginning Epoch 09
[18:22:29] {train_network.py:175} INFO - Epoch: 9, Batch: 100, Loss: 0.0658
[18:23:25] {train_network.py:175} INFO - Epoch: 9, Batch: 200, Loss: 0.1109
[18:24:19] {train_network.py:175} INFO - Epoch: 9, Batch: 300, Loss: 0.0570
[18:25:18] {train_network.py:175} INFO - Epoch: 9, Batch: 400, Loss: 0.0613
[18:26:16] {train_network.py:175} INFO - Epoch: 9, Batch: 500, Loss: 0.0848
[18:27:13] {train_network.py:175} INFO - Epoch: 9, Batch: 600, Loss: 0.0462
[18:27:59] {train_network.py:175} INFO - Epoch: 9, Batch: 700, Loss: 0.0642
[18:28:56] {train_network.py:175} INFO - Epoch: 9, Batch: 800, Loss: 0.0501
[18:29:50] {train_network.py:175} INFO - Epoch: 9, Batch: 900, Loss: 0.0581
[18:30:48] {train_network.py:326} INFO - Validating...
[18:30:53] {train_network.py:328} INFO - 83/89 = 0.932584
[18:30:53] {train_network.py:317} INFO - Beginning Epoch 10
[18:31:49] {train_network.py:175} INFO - Epoch: 10, Batch: 100, Loss: 0.1307
[18:32:45] {train_network.py:175} INFO - Epoch: 10, Batch: 200, Loss: 0.0934
[18:33:39] {train_network.py:175} INFO - Epoch: 10, Batch: 300, Loss: 0.1100
[18:34:38] {train_network.py:175} INFO - Epoch: 10, Batch: 400, Loss: 0.1076
[18:35:36] {train_network.py:175} INFO - Epoch: 10, Batch: 500, Loss: 0.0695
[18:36:26] {train_network.py:175} INFO - Epoch: 10, Batch: 600, Loss: 0.1239
[18:37:23] {train_network.py:175} INFO - Epoch: 10, Batch: 700, Loss: 0.0432
[18:38:20] {train_network.py:175} INFO - Epoch: 10, Batch: 800, Loss: 0.0649
[18:39:18] {train_network.py:175} INFO - Epoch: 10, Batch: 900, Loss: 0.0624
[18:40:18] {train_network.py:326} INFO - Validating...
[18:40:23] {train_network.py:328} INFO - 83/89 = 0.932584
[18:40:23] {train_network.py:317} INFO - Beginning Epoch 11
[18:41:15] {train_network.py:175} INFO - Epoch: 11, Batch: 100, Loss: 0.0569
[18:42:10] {train_network.py:175} INFO - Epoch: 11, Batch: 200, Loss: 0.0777
[18:43:08] {train_network.py:175} INFO - Epoch: 11, Batch: 300, Loss: 0.0667
[18:44:03] {train_network.py:175} INFO - Epoch: 11, Batch: 400, Loss: 0.0489
[18:44:53] {train_network.py:175} INFO - Epoch: 11, Batch: 500, Loss: 0.0534
[18:45:49] {train_network.py:175} INFO - Epoch: 11, Batch: 600, Loss: 0.0788
[18:46:44] {train_network.py:175} INFO - Epoch: 11, Batch: 700, Loss: 0.0937
[18:47:37] {train_network.py:175} INFO - Epoch: 11, Batch: 800, Loss: 0.0367
[18:48:32] {train_network.py:175} INFO - Epoch: 11, Batch: 900, Loss: 0.0539
[18:49:35] {train_network.py:326} INFO - Validating...
[18:49:40] {train_network.py:328} INFO - 83/89 = 0.932584
[18:49:40] {train_network.py:317} INFO - Beginning Epoch 12
[18:50:36] {train_network.py:175} INFO - Epoch: 12, Batch: 100, Loss: 0.0640
[18:51:33] {train_network.py:175} INFO - Epoch: 12, Batch: 200, Loss: 0.0592
[18:52:30] {train_network.py:175} INFO - Epoch: 12, Batch: 300, Loss: 0.0498
[18:53:15] {train_network.py:175} INFO - Epoch: 12, Batch: 400, Loss: 0.0646
[18:54:13] {train_network.py:175} INFO - Epoch: 12, Batch: 500, Loss: 0.0676
[18:55:07] {train_network.py:175} INFO - Epoch: 12, Batch: 600, Loss: 0.0738
[18:56:00] {train_network.py:175} INFO - Epoch: 12, Batch: 700, Loss: 0.0780
[18:56:55] {train_network.py:175} INFO - Epoch: 12, Batch: 800, Loss: 0.0565
[18:57:49] {train_network.py:175} INFO - Epoch: 12, Batch: 900, Loss: 0.0587
[18:58:48] {train_network.py:326} INFO - Validating...
[18:58:52] {train_network.py:328} INFO - 84/89 = 0.943820
[18:58:52] {train_network.py:317} INFO - Beginning Epoch 13
[18:59:49] {train_network.py:175} INFO - Epoch: 13, Batch: 100, Loss: 0.0763
[19:00:45] {train_network.py:175} INFO - Epoch: 13, Batch: 200, Loss: 0.0616
[19:01:32] {train_network.py:175} INFO - Epoch: 13, Batch: 300, Loss: 0.0487
[19:02:29] {train_network.py:175} INFO - Epoch: 13, Batch: 400, Loss: 0.0682
[19:03:24] {train_network.py:175} INFO - Epoch: 13, Batch: 500, Loss: 0.0853
[19:04:21] {train_network.py:175} INFO - Epoch: 13, Batch: 600, Loss: 0.1095
[19:05:19] {train_network.py:175} INFO - Epoch: 13, Batch: 700, Loss: 0.0520
[19:06:15] {train_network.py:175} INFO - Epoch: 13, Batch: 800, Loss: 0.0524
[19:07:10] {train_network.py:175} INFO - Epoch: 13, Batch: 900, Loss: 0.0935
[19:08:09] {train_network.py:326} INFO - Validating...
[19:08:14] {train_network.py:328} INFO - 83/89 = 0.932584
[19:08:14] {train_network.py:317} INFO - Beginning Epoch 14
[19:09:10] {train_network.py:175} INFO - Epoch: 14, Batch: 100, Loss: 0.0806
[19:09:57] {train_network.py:175} INFO - Epoch: 14, Batch: 200, Loss: 0.0560
[19:10:54] {train_network.py:175} INFO - Epoch: 14, Batch: 300, Loss: 0.0392
[19:11:51] {train_network.py:175} INFO - Epoch: 14, Batch: 400, Loss: 0.1004
[19:12:46] {train_network.py:175} INFO - Epoch: 14, Batch: 500, Loss: 0.0882
[19:13:43] {train_network.py:175} INFO - Epoch: 14, Batch: 600, Loss: 0.0641
[19:14:40] {train_network.py:175} INFO - Epoch: 14, Batch: 700, Loss: 0.0739
[19:15:37] {train_network.py:175} INFO - Epoch: 14, Batch: 800, Loss: 0.0668
[19:16:29] {train_network.py:175} INFO - Epoch: 14, Batch: 900, Loss: 0.0700
[19:17:26] {train_network.py:326} INFO - Validating...
[19:17:31] {train_network.py:328} INFO - 82/89 = 0.921348
[19:17:31] {train_network.py:317} INFO - Beginning Epoch 15
[19:18:22] {train_network.py:175} INFO - Epoch: 15, Batch: 100, Loss: 0.0987
[19:19:19] {train_network.py:175} INFO - Epoch: 15, Batch: 200, Loss: 0.0773
[19:20:16] {train_network.py:175} INFO - Epoch: 15, Batch: 300, Loss: 0.0662
[19:21:11] {train_network.py:175} INFO - Epoch: 15, Batch: 400, Loss: 0.0581
[19:22:08] {train_network.py:175} INFO - Epoch: 15, Batch: 500, Loss: 0.0426
[19:23:05] {train_network.py:175} INFO - Epoch: 15, Batch: 600, Loss: 0.0407
[19:24:00] {train_network.py:175} INFO - Epoch: 15, Batch: 700, Loss: 0.0423
[19:24:55] {train_network.py:175} INFO - Epoch: 15, Batch: 800, Loss: 0.0651
[19:25:51] {train_network.py:175} INFO - Epoch: 15, Batch: 900, Loss: 0.0803
[19:26:53] {train_network.py:326} INFO - Validating...
[19:26:57] {train_network.py:328} INFO - 86/89 = 0.966292
[19:26:57] {train_network.py:317} INFO - Beginning Epoch 16
[19:27:55] {train_network.py:175} INFO - Epoch: 16, Batch: 100, Loss: 0.0616
[19:28:50] {train_network.py:175} INFO - Epoch: 16, Batch: 200, Loss: 0.0571
[19:29:48] {train_network.py:175} INFO - Epoch: 16, Batch: 300, Loss: 0.0611
[19:30:46] {train_network.py:175} INFO - Epoch: 16, Batch: 400, Loss: 0.0528
[19:31:43] {train_network.py:175} INFO - Epoch: 16, Batch: 500, Loss: 0.1119
[19:32:38] {train_network.py:175} INFO - Epoch: 16, Batch: 600, Loss: 0.0649
[19:33:32] {train_network.py:175} INFO - Epoch: 16, Batch: 700, Loss: 0.0745
[19:34:29] {train_network.py:175} INFO - Epoch: 16, Batch: 800, Loss: 0.0436
[19:35:23] {train_network.py:175} INFO - Epoch: 16, Batch: 900, Loss: 0.0433
[19:36:27] {train_network.py:326} INFO - Validating...
[19:36:32] {train_network.py:328} INFO - 84/89 = 0.943820
[19:36:32] {train_network.py:317} INFO - Beginning Epoch 17
[19:37:27] {train_network.py:175} INFO - Epoch: 17, Batch: 100, Loss: 0.0643
[19:38:20] {train_network.py:175} INFO - Epoch: 17, Batch: 200, Loss: 0.0637
[19:39:12] {train_network.py:175} INFO - Epoch: 17, Batch: 300, Loss: 0.0650
[19:40:10] {train_network.py:175} INFO - Epoch: 17, Batch: 400, Loss: 0.0764
[19:41:06] {train_network.py:175} INFO - Epoch: 17, Batch: 500, Loss: 0.0348
[19:42:03] {train_network.py:175} INFO - Epoch: 17, Batch: 600, Loss: 0.0568
[19:42:58] {train_network.py:175} INFO - Epoch: 17, Batch: 700, Loss: 0.0608
[19:43:55] {train_network.py:175} INFO - Epoch: 17, Batch: 800, Loss: 0.0877
[19:44:49] {train_network.py:175} INFO - Epoch: 17, Batch: 900, Loss: 0.0741
[19:45:46] {train_network.py:326} INFO - Validating...
[19:45:51] {train_network.py:328} INFO - 86/89 = 0.966292
[19:45:51] {train_network.py:317} INFO - Beginning Epoch 18
[19:46:48] {train_network.py:175} INFO - Epoch: 18, Batch: 100, Loss: 0.0763
[19:47:42] {train_network.py:175} INFO - Epoch: 18, Batch: 200, Loss: 0.0565
[19:48:38] {train_network.py:175} INFO - Epoch: 18, Batch: 300, Loss: 0.0558
[19:49:35] {train_network.py:175} INFO - Epoch: 18, Batch: 400, Loss: 0.0343
[19:50:29] {train_network.py:175} INFO - Epoch: 18, Batch: 500, Loss: 0.0386
[19:51:21] {train_network.py:175} INFO - Epoch: 18, Batch: 600, Loss: 0.0471
[19:52:14] {train_network.py:175} INFO - Epoch: 18, Batch: 700, Loss: 0.0717
[19:53:04] {train_network.py:175} INFO - Epoch: 18, Batch: 800, Loss: 0.0369
[19:53:55] {train_network.py:175} INFO - Epoch: 18, Batch: 900, Loss: 0.0622
[19:54:51] {train_network.py:326} INFO - Validating...
[19:54:57] {train_network.py:328} INFO - 76/89 = 0.853933
[19:54:57] {train_network.py:317} INFO - Beginning Epoch 19
[19:55:48] {train_network.py:175} INFO - Epoch: 19, Batch: 100, Loss: 0.0760
[19:56:40] {train_network.py:175} INFO - Epoch: 19, Batch: 200, Loss: 0.0526
[19:57:30] {train_network.py:175} INFO - Epoch: 19, Batch: 300, Loss: 0.0715
[19:58:21] {train_network.py:175} INFO - Epoch: 19, Batch: 400, Loss: 0.0848
[19:59:16] {train_network.py:175} INFO - Epoch: 19, Batch: 500, Loss: 0.0529
[20:00:09] {train_network.py:175} INFO - Epoch: 19, Batch: 600, Loss: 0.0566
[20:01:00] {train_network.py:175} INFO - Epoch: 19, Batch: 700, Loss: 0.0433
[20:01:53] {train_network.py:175} INFO - Epoch: 19, Batch: 800, Loss: 0.0440
[20:02:47] {train_network.py:175} INFO - Epoch: 19, Batch: 900, Loss: 0.0677
[20:03:41] {train_network.py:326} INFO - Validating...
[20:03:46] {train_network.py:328} INFO - 82/89 = 0.921348
[20:03:46] {train_network.py:317} INFO - Beginning Epoch 20
[20:04:39] {train_network.py:175} INFO - Epoch: 20, Batch: 100, Loss: 0.0479
[20:05:31] {train_network.py:175} INFO - Epoch: 20, Batch: 200, Loss: 0.0416
[20:06:22] {train_network.py:175} INFO - Epoch: 20, Batch: 300, Loss: 0.0589
[20:07:15] {train_network.py:175} INFO - Epoch: 20, Batch: 400, Loss: 0.0405
[20:08:11] {train_network.py:175} INFO - Epoch: 20, Batch: 500, Loss: 0.0411
[20:09:02] {train_network.py:175} INFO - Epoch: 20, Batch: 600, Loss: 0.0773
[20:09:57] {train_network.py:175} INFO - Epoch: 20, Batch: 700, Loss: 0.0591
[20:10:49] {train_network.py:175} INFO - Epoch: 20, Batch: 800, Loss: 0.0692
[20:11:42] {train_network.py:175} INFO - Epoch: 20, Batch: 900, Loss: 0.0385
[20:12:37] {train_network.py:326} INFO - Validating...
[20:12:42] {train_network.py:328} INFO - 83/89 = 0.932584
[20:12:42] {train_network.py:317} INFO - Beginning Epoch 21
[20:13:33] {train_network.py:175} INFO - Epoch: 21, Batch: 100, Loss: 0.0838
[20:14:26] {train_network.py:175} INFO - Epoch: 21, Batch: 200, Loss: 0.0433
[20:15:17] {train_network.py:175} INFO - Epoch: 21, Batch: 300, Loss: 0.0722
[20:16:09] {train_network.py:175} INFO - Epoch: 21, Batch: 400, Loss: 0.0774
[20:17:02] {train_network.py:175} INFO - Epoch: 21, Batch: 500, Loss: 0.0534
[20:17:53] {train_network.py:175} INFO - Epoch: 21, Batch: 600, Loss: 0.0431
[20:18:45] {train_network.py:175} INFO - Epoch: 21, Batch: 700, Loss: 0.0566
[20:19:40] {train_network.py:175} INFO - Epoch: 21, Batch: 800, Loss: 0.0526
[20:20:34] {train_network.py:175} INFO - Epoch: 21, Batch: 900, Loss: 0.0475
[20:21:30] {train_network.py:326} INFO - Validating...
[20:21:34] {train_network.py:328} INFO - 82/89 = 0.921348
[20:21:34] {train_network.py:317} INFO - Beginning Epoch 22
[20:22:28] {train_network.py:175} INFO - Epoch: 22, Batch: 100, Loss: 0.0477
[20:23:21] {train_network.py:175} INFO - Epoch: 22, Batch: 200, Loss: 0.0517
[20:24:12] {train_network.py:175} INFO - Epoch: 22, Batch: 300, Loss: 0.0706
[20:25:04] {train_network.py:175} INFO - Epoch: 22, Batch: 400, Loss: 0.0670
[20:25:56] {train_network.py:175} INFO - Epoch: 22, Batch: 500, Loss: 0.0559
[20:26:47] {train_network.py:175} INFO - Epoch: 22, Batch: 600, Loss: 0.0426
[20:27:42] {train_network.py:175} INFO - Epoch: 22, Batch: 700, Loss: 0.0449
[20:28:35] {train_network.py:175} INFO - Epoch: 22, Batch: 800, Loss: 0.0545
[20:29:29] {train_network.py:175} INFO - Epoch: 22, Batch: 900, Loss: 0.0601
[20:30:23] {train_network.py:326} INFO - Validating...
[20:30:28] {train_network.py:328} INFO - 83/89 = 0.932584
[20:30:28] {train_network.py:317} INFO - Beginning Epoch 23
[20:31:21] {train_network.py:175} INFO - Epoch: 23, Batch: 100, Loss: 0.0501
[20:32:13] {train_network.py:175} INFO - Epoch: 23, Batch: 200, Loss: 0.0381
[20:32:59] {train_network.py:175} INFO - Epoch: 23, Batch: 300, Loss: 0.0692
[20:33:53] {train_network.py:175} INFO - Epoch: 23, Batch: 400, Loss: 0.0437
[20:34:44] {train_network.py:175} INFO - Epoch: 23, Batch: 500, Loss: 0.0486
[20:35:34] {train_network.py:175} INFO - Epoch: 23, Batch: 600, Loss: 0.0634
[20:36:28] {train_network.py:175} INFO - Epoch: 23, Batch: 700, Loss: 0.0373
[20:37:23] {train_network.py:175} INFO - Epoch: 23, Batch: 800, Loss: 0.0523
[20:38:17] {train_network.py:175} INFO - Epoch: 23, Batch: 900, Loss: 0.0798
[20:39:11] {train_network.py:326} INFO - Validating...
[20:39:16] {train_network.py:328} INFO - 83/89 = 0.932584
[20:39:16] {train_network.py:317} INFO - Beginning Epoch 24
[20:40:08] {train_network.py:175} INFO - Epoch: 24, Batch: 100, Loss: 0.0595
[20:40:54] {train_network.py:175} INFO - Epoch: 24, Batch: 200, Loss: 0.0686
[20:41:48] {train_network.py:175} INFO - Epoch: 24, Batch: 300, Loss: 0.0695
[20:42:41] {train_network.py:175} INFO - Epoch: 24, Batch: 400, Loss: 0.0739
[20:43:32] {train_network.py:175} INFO - Epoch: 24, Batch: 500, Loss: 0.0449
[20:44:26] {train_network.py:175} INFO - Epoch: 24, Batch: 600, Loss: 0.0402
[20:45:22] {train_network.py:175} INFO - Epoch: 24, Batch: 700, Loss: 0.0701
[20:46:14] {train_network.py:175} INFO - Epoch: 24, Batch: 800, Loss: 0.0614
[20:47:06] {train_network.py:175} INFO - Epoch: 24, Batch: 900, Loss: 0.0297
[20:47:58] {train_network.py:326} INFO - Validating...
[20:48:02] {train_network.py:328} INFO - 84/89 = 0.943820
[20:48:02] {train_network.py:317} INFO - Beginning Epoch 25
[20:48:52] {train_network.py:175} INFO - Epoch: 25, Batch: 100, Loss: 0.0390
[20:49:47] {train_network.py:175} INFO - Epoch: 25, Batch: 200, Loss: 0.0467
[20:50:40] {train_network.py:175} INFO - Epoch: 25, Batch: 300, Loss: 0.0370
[20:51:33] {train_network.py:175} INFO - Epoch: 25, Batch: 400, Loss: 0.0477
[20:52:25] {train_network.py:175} INFO - Epoch: 25, Batch: 500, Loss: 0.0363
[20:53:19] {train_network.py:175} INFO - Epoch: 25, Batch: 600, Loss: 0.0435
[20:54:14] {train_network.py:175} INFO - Epoch: 25, Batch: 700, Loss: 0.0573
[20:55:07] {train_network.py:175} INFO - Epoch: 25, Batch: 800, Loss: 0.0517
[20:55:59] {train_network.py:175} INFO - Epoch: 25, Batch: 900, Loss: 0.0457
[20:56:53] {train_network.py:326} INFO - Validating...
[20:56:57] {train_network.py:328} INFO - 83/89 = 0.932584
[20:56:57] {train_network.py:317} INFO - Beginning Epoch 26
[20:57:52] {train_network.py:175} INFO - Epoch: 26, Batch: 100, Loss: 0.0395
[20:58:46] {train_network.py:175} INFO - Epoch: 26, Batch: 200, Loss: 0.0480
[20:59:39] {train_network.py:175} INFO - Epoch: 26, Batch: 300, Loss: 0.0823
[21:00:29] {train_network.py:175} INFO - Epoch: 26, Batch: 400, Loss: 0.0457
[21:01:23] {train_network.py:175} INFO - Epoch: 26, Batch: 500, Loss: 0.0782
[21:02:18] {train_network.py:175} INFO - Epoch: 26, Batch: 600, Loss: 0.0369
[21:03:12] {train_network.py:175} INFO - Epoch: 26, Batch: 700, Loss: 0.0696
[21:04:03] {train_network.py:175} INFO - Epoch: 26, Batch: 800, Loss: 0.0672
[21:04:55] {train_network.py:175} INFO - Epoch: 26, Batch: 900, Loss: 0.0267
[21:05:48] {train_network.py:326} INFO - Validating...
[21:05:51] {train_network.py:328} INFO - 83/89 = 0.932584
[21:05:51] {train_network.py:317} INFO - Beginning Epoch 27
[21:06:44] {train_network.py:175} INFO - Epoch: 27, Batch: 100, Loss: 0.0430
[21:07:37] {train_network.py:175} INFO - Epoch: 27, Batch: 200, Loss: 0.0440
[21:08:29] {train_network.py:175} INFO - Epoch: 27, Batch: 300, Loss: 0.0625
[21:09:19] {train_network.py:175} INFO - Epoch: 27, Batch: 400, Loss: 0.0379
[21:10:12] {train_network.py:175} INFO - Epoch: 27, Batch: 500, Loss: 0.0483
[21:11:07] {train_network.py:175} INFO - Epoch: 27, Batch: 600, Loss: 0.0583
[21:12:01] {train_network.py:175} INFO - Epoch: 27, Batch: 700, Loss: 0.0459
[21:12:52] {train_network.py:175} INFO - Epoch: 27, Batch: 800, Loss: 0.0565
[21:13:37] {train_network.py:175} INFO - Epoch: 27, Batch: 900, Loss: 0.0571
[21:14:34] {train_network.py:326} INFO - Validating...
[21:14:38] {train_network.py:328} INFO - 77/89 = 0.865169
[21:14:38] {train_network.py:317} INFO - Beginning Epoch 28
[21:15:31] {train_network.py:175} INFO - Epoch: 28, Batch: 100, Loss: 0.0299
[21:16:25] {train_network.py:175} INFO - Epoch: 28, Batch: 200, Loss: 0.0497
[21:17:15] {train_network.py:175} INFO - Epoch: 28, Batch: 300, Loss: 0.0368
[21:18:07] {train_network.py:175} INFO - Epoch: 28, Batch: 400, Loss: 0.0462
[21:19:02] {train_network.py:175} INFO - Epoch: 28, Batch: 500, Loss: 0.0663
[21:19:56] {train_network.py:175} INFO - Epoch: 28, Batch: 600, Loss: 0.0434
[21:20:49] {train_network.py:175} INFO - Epoch: 28, Batch: 700, Loss: 0.0432
[21:21:35] {train_network.py:175} INFO - Epoch: 28, Batch: 800, Loss: 0.0634
[21:22:27] {train_network.py:175} INFO - Epoch: 28, Batch: 900, Loss: 0.0367
[21:23:25] {train_network.py:326} INFO - Validating...
[21:23:30] {train_network.py:328} INFO - 80/89 = 0.898876
[21:23:30] {train_network.py:317} INFO - Beginning Epoch 29
[21:24:24] {train_network.py:175} INFO - Epoch: 29, Batch: 100, Loss: 0.0453
[21:25:15] {train_network.py:175} INFO - Epoch: 29, Batch: 200, Loss: 0.0441
[21:26:06] {train_network.py:175} INFO - Epoch: 29, Batch: 300, Loss: 0.0669
[21:27:01] {train_network.py:175} INFO - Epoch: 29, Batch: 400, Loss: 0.0375
[21:27:55] {train_network.py:175} INFO - Epoch: 29, Batch: 500, Loss: 0.0578
[21:28:49] {train_network.py:175} INFO - Epoch: 29, Batch: 600, Loss: 0.0508
[21:29:35] {train_network.py:175} INFO - Epoch: 29, Batch: 700, Loss: 0.0538
[21:30:29] {train_network.py:175} INFO - Epoch: 29, Batch: 800, Loss: 0.0676
[21:31:20] {train_network.py:175} INFO - Epoch: 29, Batch: 900, Loss: 0.0329
[21:32:17] {train_network.py:326} INFO - Validating...
[21:32:22] {train_network.py:328} INFO - 80/89 = 0.898876
[21:32:22] {train_network.py:317} INFO - Beginning Epoch 30
[21:33:15] {train_network.py:175} INFO - Epoch: 30, Batch: 100, Loss: 0.0441
[21:34:07] {train_network.py:175} INFO - Epoch: 30, Batch: 200, Loss: 0.0465
[21:35:01] {train_network.py:175} INFO - Epoch: 30, Batch: 300, Loss: 0.0359
[21:35:55] {train_network.py:175} INFO - Epoch: 30, Batch: 400, Loss: 0.0449
[21:36:48] {train_network.py:175} INFO - Epoch: 30, Batch: 500, Loss: 0.0654
[21:37:35] {train_network.py:175} INFO - Epoch: 30, Batch: 600, Loss: 0.0520
[21:38:29] {train_network.py:175} INFO - Epoch: 30, Batch: 700, Loss: 0.0436
[21:39:20] {train_network.py:175} INFO - Epoch: 30, Batch: 800, Loss: 0.0387
[21:40:10] {train_network.py:175} INFO - Epoch: 30, Batch: 900, Loss: 0.0516
[21:41:10] {train_network.py:326} INFO - Validating...
[21:41:15] {train_network.py:328} INFO - 75/89 = 0.842697
[21:41:15] {train_network.py:317} INFO - Beginning Epoch 31
[21:42:09] {train_network.py:175} INFO - Epoch: 31, Batch: 100, Loss: 0.0443
[21:43:05] {train_network.py:175} INFO - Epoch: 31, Batch: 200, Loss: 0.0713
[21:43:58] {train_network.py:175} INFO - Epoch: 31, Batch: 300, Loss: 0.0498
[21:44:55] {train_network.py:175} INFO - Epoch: 31, Batch: 400, Loss: 0.0734
[21:45:53] {train_network.py:175} INFO - Epoch: 31, Batch: 500, Loss: 0.0382
[21:46:46] {train_network.py:175} INFO - Epoch: 31, Batch: 600, Loss: 0.0305
[21:47:43] {train_network.py:175} INFO - Epoch: 31, Batch: 700, Loss: 0.0485
[21:48:42] {train_network.py:175} INFO - Epoch: 31, Batch: 800, Loss: 0.0662
[21:49:38] {train_network.py:175} INFO - Epoch: 31, Batch: 900, Loss: 0.0429
[21:50:36] {train_network.py:326} INFO - Validating...
[21:50:40] {train_network.py:328} INFO - 81/89 = 0.910112
[21:50:40] {train_network.py:317} INFO - Beginning Epoch 32
[21:51:34] {train_network.py:175} INFO - Epoch: 32, Batch: 100, Loss: 0.0307
[21:52:31] {train_network.py:175} INFO - Epoch: 32, Batch: 200, Loss: 0.0702
[21:53:22] {train_network.py:175} INFO - Epoch: 32, Batch: 300, Loss: 0.0545
[21:54:10] {train_network.py:175} INFO - Epoch: 32, Batch: 400, Loss: 0.0308
[21:55:06] {train_network.py:175} INFO - Epoch: 32, Batch: 500, Loss: 0.0406
[21:56:01] {train_network.py:175} INFO - Epoch: 32, Batch: 600, Loss: 0.0912
[21:56:59] {train_network.py:175} INFO - Epoch: 32, Batch: 700, Loss: 0.0477
[21:57:56] {train_network.py:175} INFO - Epoch: 32, Batch: 800, Loss: 0.0565
[21:58:52] {train_network.py:175} INFO - Epoch: 32, Batch: 900, Loss: 0.0458
[21:59:49] {train_network.py:326} INFO - Validating...
[21:59:54] {train_network.py:328} INFO - 85/89 = 0.955056
[21:59:54] {train_network.py:317} INFO - Beginning Epoch 33
[22:00:49] {train_network.py:175} INFO - Epoch: 33, Batch: 100, Loss: 0.0576
[22:01:45] {train_network.py:175} INFO - Epoch: 33, Batch: 200, Loss: 0.0377
[22:02:35] {train_network.py:175} INFO - Epoch: 33, Batch: 300, Loss: 0.0470
[22:03:30] {train_network.py:175} INFO - Epoch: 33, Batch: 400, Loss: 0.0470
[22:04:22] {train_network.py:175} INFO - Epoch: 33, Batch: 500, Loss: 0.0471
[22:05:19] {train_network.py:175} INFO - Epoch: 33, Batch: 600, Loss: 0.0517
[22:06:13] {train_network.py:175} INFO - Epoch: 33, Batch: 700, Loss: 0.0503
[22:07:08] {train_network.py:175} INFO - Epoch: 33, Batch: 800, Loss: 0.0646
[22:08:04] {train_network.py:175} INFO - Epoch: 33, Batch: 900, Loss: 0.0375
[22:09:03] {train_network.py:326} INFO - Validating...
[22:09:09] {train_network.py:328} INFO - 79/89 = 0.887640
[22:09:09] {train_network.py:317} INFO - Beginning Epoch 34
[22:10:05] {train_network.py:175} INFO - Epoch: 34, Batch: 100, Loss: 0.0565
[22:10:53] {train_network.py:175} INFO - Epoch: 34, Batch: 200, Loss: 0.0428
[22:11:50] {train_network.py:175} INFO - Epoch: 34, Batch: 300, Loss: 0.0607
[22:12:45] {train_network.py:175} INFO - Epoch: 34, Batch: 400, Loss: 0.0393
[22:13:40] {train_network.py:175} INFO - Epoch: 34, Batch: 500, Loss: 0.0438
[22:14:37] {train_network.py:175} INFO - Epoch: 34, Batch: 600, Loss: 0.0771
[22:15:33] {train_network.py:175} INFO - Epoch: 34, Batch: 700, Loss: 0.0796
[22:16:28] {train_network.py:175} INFO - Epoch: 34, Batch: 800, Loss: 0.0484
[22:17:21] {train_network.py:175} INFO - Epoch: 34, Batch: 900, Loss: 0.0671
[22:18:25] {train_network.py:326} INFO - Validating...
[22:18:31] {train_network.py:328} INFO - 81/89 = 0.910112
[22:18:31] {train_network.py:317} INFO - Beginning Epoch 35
[22:19:20] {train_network.py:175} INFO - Epoch: 35, Batch: 100, Loss: 0.0556
[22:20:16] {train_network.py:175} INFO - Epoch: 35, Batch: 200, Loss: 0.0429
[22:21:09] {train_network.py:175} INFO - Epoch: 35, Batch: 300, Loss: 0.0325
[22:22:03] {train_network.py:175} INFO - Epoch: 35, Batch: 400, Loss: 0.0572
[22:23:01] {train_network.py:175} INFO - Epoch: 35, Batch: 500, Loss: 0.0406
[22:23:56] {train_network.py:175} INFO - Epoch: 35, Batch: 600, Loss: 0.0387
[22:24:53] {train_network.py:175} INFO - Epoch: 35, Batch: 700, Loss: 0.0631
[22:25:45] {train_network.py:175} INFO - Epoch: 35, Batch: 800, Loss: 0.0299
[22:26:37] {train_network.py:175} INFO - Epoch: 35, Batch: 900, Loss: 0.0742
[22:27:34] {train_network.py:326} INFO - Validating...
[22:27:39] {train_network.py:328} INFO - 83/89 = 0.932584
[22:27:39] {train_network.py:317} INFO - Beginning Epoch 36
[22:28:33] {train_network.py:175} INFO - Epoch: 36, Batch: 100, Loss: 0.0415
[22:29:28] {train_network.py:175} INFO - Epoch: 36, Batch: 200, Loss: 0.0578
[22:30:21] {train_network.py:175} INFO - Epoch: 36, Batch: 300, Loss: 0.0570
[22:31:12] {train_network.py:175} INFO - Epoch: 36, Batch: 400, Loss: 0.0366
[22:32:07] {train_network.py:175} INFO - Epoch: 36, Batch: 500, Loss: 0.0513
[22:33:01] {train_network.py:175} INFO - Epoch: 36, Batch: 600, Loss: 0.0394
[22:33:55] {train_network.py:175} INFO - Epoch: 36, Batch: 700, Loss: 0.0487
[22:34:45] {train_network.py:175} INFO - Epoch: 36, Batch: 800, Loss: 0.0310
[22:35:38] {train_network.py:175} INFO - Epoch: 36, Batch: 900, Loss: 0.0249
[22:36:33] {train_network.py:326} INFO - Validating...
[22:36:38] {train_network.py:328} INFO - 79/89 = 0.887640
[22:36:38] {train_network.py:317} INFO - Beginning Epoch 37
[22:37:31] {train_network.py:175} INFO - Epoch: 37, Batch: 100, Loss: 0.0589
[22:38:24] {train_network.py:175} INFO - Epoch: 37, Batch: 200, Loss: 0.0230
[22:39:16] {train_network.py:175} INFO - Epoch: 37, Batch: 300, Loss: 0.0438
[22:40:10] {train_network.py:175} INFO - Epoch: 37, Batch: 400, Loss: 0.0333
[22:41:03] {train_network.py:175} INFO - Epoch: 37, Batch: 500, Loss: 0.0314
[22:41:56] {train_network.py:175} INFO - Epoch: 37, Batch: 600, Loss: 0.0431
[22:42:46] {train_network.py:175} INFO - Epoch: 37, Batch: 700, Loss: 0.0488
[22:43:39] {train_network.py:175} INFO - Epoch: 37, Batch: 800, Loss: 0.0392
[22:44:29] {train_network.py:175} INFO - Epoch: 37, Batch: 900, Loss: 0.0388
[22:45:22] {train_network.py:326} INFO - Validating...
[22:45:26] {train_network.py:328} INFO - 76/89 = 0.853933
[22:45:26] {train_network.py:317} INFO - Beginning Epoch 38
[22:46:20] {train_network.py:175} INFO - Epoch: 38, Batch: 100, Loss: 0.0443
[22:47:12] {train_network.py:175} INFO - Epoch: 38, Batch: 200, Loss: 0.0344
[22:48:03] {train_network.py:175} INFO - Epoch: 38, Batch: 300, Loss: 0.0455
[22:48:57] {train_network.py:175} INFO - Epoch: 38, Batch: 400, Loss: 0.0438
[22:49:51] {train_network.py:175} INFO - Epoch: 38, Batch: 500, Loss: 0.0832
[22:50:45] {train_network.py:175} INFO - Epoch: 38, Batch: 600, Loss: 0.0496
[22:51:36] {train_network.py:175} INFO - Epoch: 38, Batch: 700, Loss: 0.0396
[22:52:20] {train_network.py:175} INFO - Epoch: 38, Batch: 800, Loss: 0.0421
[22:53:14] {train_network.py:175} INFO - Epoch: 38, Batch: 900, Loss: 0.0385
[22:54:08] {train_network.py:326} INFO - Validating...
[22:54:12] {train_network.py:328} INFO - 78/89 = 0.876404
[22:54:12] {train_network.py:317} INFO - Beginning Epoch 39
[22:55:05] {train_network.py:175} INFO - Epoch: 39, Batch: 100, Loss: 0.0528
[22:55:58] {train_network.py:175} INFO - Epoch: 39, Batch: 200, Loss: 0.0282
[22:56:48] {train_network.py:175} INFO - Epoch: 39, Batch: 300, Loss: 0.0581
[22:57:41] {train_network.py:175} INFO - Epoch: 39, Batch: 400, Loss: 0.0478
[22:58:37] {train_network.py:175} INFO - Epoch: 39, Batch: 500, Loss: 0.0432
[22:59:29] {train_network.py:175} INFO - Epoch: 39, Batch: 600, Loss: 0.0674
[23:00:17] {train_network.py:175} INFO - Epoch: 39, Batch: 700, Loss: 0.0433
[23:01:11] {train_network.py:175} INFO - Epoch: 39, Batch: 800, Loss: 0.0457
[23:02:01] {train_network.py:175} INFO - Epoch: 39, Batch: 900, Loss: 0.0353
[23:02:55] {train_network.py:326} INFO - Validating...
[23:03:00] {train_network.py:328} INFO - 73/89 = 0.820225
[23:03:00] {train_network.py:317} INFO - Beginning Epoch 40
[23:03:53] {train_network.py:175} INFO - Epoch: 40, Batch: 100, Loss: 0.0366
[23:04:45] {train_network.py:175} INFO - Epoch: 40, Batch: 200, Loss: 0.0550
[23:05:37] {train_network.py:175} INFO - Epoch: 40, Batch: 300, Loss: 0.0387
[23:06:32] {train_network.py:175} INFO - Epoch: 40, Batch: 400, Loss: 0.0601
[23:07:26] {train_network.py:175} INFO - Epoch: 40, Batch: 500, Loss: 0.0343
[23:08:14] {train_network.py:175} INFO - Epoch: 40, Batch: 600, Loss: 0.0337
[23:09:07] {train_network.py:175} INFO - Epoch: 40, Batch: 700, Loss: 0.0458
[23:09:59] {train_network.py:175} INFO - Epoch: 40, Batch: 800, Loss: 0.0572
[23:10:51] {train_network.py:175} INFO - Epoch: 40, Batch: 900, Loss: 0.0422
[23:11:52] {train_network.py:326} INFO - Validating...
[23:11:57] {train_network.py:328} INFO - 78/89 = 0.876404
[23:11:57] {train_network.py:317} INFO - Beginning Epoch 41
[23:12:49] {train_network.py:175} INFO - Epoch: 41, Batch: 100, Loss: 0.0777
[23:13:41] {train_network.py:175} INFO - Epoch: 41, Batch: 200, Loss: 0.0865
[23:14:35] {train_network.py:175} INFO - Epoch: 41, Batch: 300, Loss: 0.0664
[23:15:30] {train_network.py:175} INFO - Epoch: 41, Batch: 400, Loss: 0.0496
[23:16:21] {train_network.py:175} INFO - Epoch: 41, Batch: 500, Loss: 0.0473
[23:17:15] {train_network.py:175} INFO - Epoch: 41, Batch: 600, Loss: 0.0281
[23:18:09] {train_network.py:175} INFO - Epoch: 41, Batch: 700, Loss: 0.0541
[23:19:00] {train_network.py:175} INFO - Epoch: 41, Batch: 800, Loss: 0.0414
[23:19:53] {train_network.py:175} INFO - Epoch: 41, Batch: 900, Loss: 0.0365
[23:20:53] {train_network.py:326} INFO - Validating...
[23:20:58] {train_network.py:328} INFO - 79/89 = 0.887640
[23:20:58] {train_network.py:317} INFO - Beginning Epoch 42
[23:21:49] {train_network.py:175} INFO - Epoch: 42, Batch: 100, Loss: 0.0367
[23:22:44] {train_network.py:175} INFO - Epoch: 42, Batch: 200, Loss: 0.0446
[23:23:38] {train_network.py:175} INFO - Epoch: 42, Batch: 300, Loss: 0.0361
[23:24:29] {train_network.py:175} INFO - Epoch: 42, Batch: 400, Loss: 0.0469
[23:25:23] {train_network.py:175} INFO - Epoch: 42, Batch: 500, Loss: 0.0418
[23:26:16] {train_network.py:175} INFO - Epoch: 42, Batch: 600, Loss: 0.0393
[23:27:07] {train_network.py:175} INFO - Epoch: 42, Batch: 700, Loss: 0.0365
[23:28:01] {train_network.py:175} INFO - Epoch: 42, Batch: 800, Loss: 0.0253
[23:28:56] {train_network.py:175} INFO - Epoch: 42, Batch: 900, Loss: 0.0506
[23:29:53] {train_network.py:326} INFO - Validating...
[23:29:56] {train_network.py:328} INFO - 78/89 = 0.876404
[23:29:56] {train_network.py:317} INFO - Beginning Epoch 43
[23:30:49] {train_network.py:175} INFO - Epoch: 43, Batch: 100, Loss: 0.0340
[23:31:43] {train_network.py:175} INFO - Epoch: 43, Batch: 200, Loss: 0.0553
[23:32:30] {train_network.py:175} INFO - Epoch: 43, Batch: 300, Loss: 0.0352
[23:33:23] {train_network.py:175} INFO - Epoch: 43, Batch: 400, Loss: 0.0504
[23:34:13] {train_network.py:175} INFO - Epoch: 43, Batch: 500, Loss: 0.0375
[23:35:04] {train_network.py:175} INFO - Epoch: 43, Batch: 600, Loss: 0.0354
[23:35:58] {train_network.py:175} INFO - Epoch: 43, Batch: 700, Loss: 0.0480
[23:36:54] {train_network.py:175} INFO - Epoch: 43, Batch: 800, Loss: 0.0464
[23:37:47] {train_network.py:175} INFO - Epoch: 43, Batch: 900, Loss: 0.0241
[23:38:43] {train_network.py:326} INFO - Validating...
[23:38:48] {train_network.py:328} INFO - 82/89 = 0.921348
[23:38:48] {train_network.py:317} INFO - Beginning Epoch 44
[23:39:40] {train_network.py:175} INFO - Epoch: 44, Batch: 100, Loss: 0.0620
[23:40:29] {train_network.py:175} INFO - Epoch: 44, Batch: 200, Loss: 0.0491
[23:41:22] {train_network.py:175} INFO - Epoch: 44, Batch: 300, Loss: 0.0512
[23:42:15] {train_network.py:175} INFO - Epoch: 44, Batch: 400, Loss: 0.0313
[23:43:07] {train_network.py:175} INFO - Epoch: 44, Batch: 500, Loss: 0.0410
[23:44:02] {train_network.py:175} INFO - Epoch: 44, Batch: 600, Loss: 0.0354
[23:44:56] {train_network.py:175} INFO - Epoch: 44, Batch: 700, Loss: 0.0367
[23:45:50] {train_network.py:175} INFO - Epoch: 44, Batch: 800, Loss: 0.0302
[23:46:40] {train_network.py:175} INFO - Epoch: 44, Batch: 900, Loss: 0.0443
[23:47:36] {train_network.py:326} INFO - Validating...
[23:47:41] {train_network.py:328} INFO - 77/89 = 0.865169
[23:47:41] {train_network.py:317} INFO - Beginning Epoch 45
[23:48:31] {train_network.py:175} INFO - Epoch: 45, Batch: 100, Loss: 0.0494
[23:49:26] {train_network.py:175} INFO - Epoch: 45, Batch: 200, Loss: 0.0496
[23:50:19] {train_network.py:175} INFO - Epoch: 45, Batch: 300, Loss: 0.0545
[23:51:11] {train_network.py:175} INFO - Epoch: 45, Batch: 400, Loss: 0.0566
[23:52:02] {train_network.py:175} INFO - Epoch: 45, Batch: 500, Loss: 0.0319
[23:52:57] {train_network.py:175} INFO - Epoch: 45, Batch: 600, Loss: 0.0361
[23:53:51] {train_network.py:175} INFO - Epoch: 45, Batch: 700, Loss: 0.0320
[23:54:45] {train_network.py:175} INFO - Epoch: 45, Batch: 800, Loss: 0.0514
[23:55:34] {train_network.py:175} INFO - Epoch: 45, Batch: 900, Loss: 0.0322
[23:56:24] {train_network.py:326} INFO - Validating...
[23:56:30] {train_network.py:328} INFO - 77/89 = 0.865169
[23:56:30] {train_network.py:317} INFO - Beginning Epoch 46
[23:57:21] {train_network.py:175} INFO - Epoch: 46, Batch: 100, Loss: 0.0302
[23:58:16] {train_network.py:175} INFO - Epoch: 46, Batch: 200, Loss: 0.0364
[23:59:10] {train_network.py:175} INFO - Epoch: 46, Batch: 300, Loss: 0.0362
[00:00:02] {train_network.py:175} INFO - Epoch: 46, Batch: 400, Loss: 0.0395
[00:00:52] {train_network.py:175} INFO - Epoch: 46, Batch: 500, Loss: 0.0689
[00:01:47] {train_network.py:175} INFO - Epoch: 46, Batch: 600, Loss: 0.0351
[00:02:41] {train_network.py:175} INFO - Epoch: 46, Batch: 700, Loss: 0.0487
[00:03:35] {train_network.py:175} INFO - Epoch: 46, Batch: 800, Loss: 0.0579
[00:04:20] {train_network.py:175} INFO - Epoch: 46, Batch: 900, Loss: 0.0257
[00:05:17] {train_network.py:326} INFO - Validating...
[00:05:21] {train_network.py:328} INFO - 74/89 = 0.831461
[00:05:21] {train_network.py:317} INFO - Beginning Epoch 47
[00:06:16] {train_network.py:175} INFO - Epoch: 47, Batch: 100, Loss: 0.0447
[00:07:09] {train_network.py:175} INFO - Epoch: 47, Batch: 200, Loss: 0.0598
[00:08:00] {train_network.py:175} INFO - Epoch: 47, Batch: 300, Loss: 0.0399
[00:08:51] {train_network.py:175} INFO - Epoch: 47, Batch: 400, Loss: 0.0255
[00:09:45] {train_network.py:175} INFO - Epoch: 47, Batch: 500, Loss: 0.0339
[00:10:40] {train_network.py:175} INFO - Epoch: 47, Batch: 600, Loss: 0.0350
[00:11:32] {train_network.py:175} INFO - Epoch: 47, Batch: 700, Loss: 0.0439
[00:12:17] {train_network.py:175} INFO - Epoch: 47, Batch: 800, Loss: 0.0324
[00:13:10] {train_network.py:175} INFO - Epoch: 47, Batch: 900, Loss: 0.0519
[00:14:05] {train_network.py:326} INFO - Validating...
[00:14:09] {train_network.py:328} INFO - 78/89 = 0.876404
[00:14:09] {train_network.py:317} INFO - Beginning Epoch 48
[00:15:03] {train_network.py:175} INFO - Epoch: 48, Batch: 100, Loss: 0.0250
[00:15:56] {train_network.py:175} INFO - Epoch: 48, Batch: 200, Loss: 0.0276
[00:16:46] {train_network.py:175} INFO - Epoch: 48, Batch: 300, Loss: 0.0478
[00:17:39] {train_network.py:175} INFO - Epoch: 48, Batch: 400, Loss: 0.0350
[00:18:33] {train_network.py:175} INFO - Epoch: 48, Batch: 500, Loss: 0.0508
[00:19:27] {train_network.py:175} INFO - Epoch: 48, Batch: 600, Loss: 0.0486
[00:20:14] {train_network.py:175} INFO - Epoch: 48, Batch: 700, Loss: 0.0601
[00:21:08] {train_network.py:175} INFO - Epoch: 48, Batch: 800, Loss: 0.0429
[00:22:02] {train_network.py:175} INFO - Epoch: 48, Batch: 900, Loss: 0.0222
[00:22:56] {train_network.py:326} INFO - Validating...
[00:23:00] {train_network.py:328} INFO - 69/89 = 0.775281
[00:23:01] {train_network.py:317} INFO - Beginning Epoch 49
[00:23:52] {train_network.py:175} INFO - Epoch: 49, Batch: 100, Loss: 0.0423
[00:24:46] {train_network.py:175} INFO - Epoch: 49, Batch: 200, Loss: 0.0339
[00:25:36] {train_network.py:175} INFO - Epoch: 49, Batch: 300, Loss: 0.0425
[00:26:31] {train_network.py:175} INFO - Epoch: 49, Batch: 400, Loss: 0.0320
[00:27:25] {train_network.py:175} INFO - Epoch: 49, Batch: 500, Loss: 0.0444
[00:28:12] {train_network.py:175} INFO - Epoch: 49, Batch: 600, Loss: 0.0454
[00:29:07] {train_network.py:175} INFO - Epoch: 49, Batch: 700, Loss: 0.0511
[00:30:00] {train_network.py:175} INFO - Epoch: 49, Batch: 800, Loss: 0.0668
[00:30:52] {train_network.py:175} INFO - Epoch: 49, Batch: 900, Loss: 0.0398
[00:31:54] {train_network.py:326} INFO - Validating...
[00:31:59] {train_network.py:328} INFO - 81/89 = 0.910112
